[ 2017-10-16T19:58:20+08:00 ] 0.0.0.0 /sassbike/index.php/User/do_stopOffer?offerId=43
INFO: [ app_begin ] --START--
INFO: Run ReadHtmlCache Behavior [ RunTime:0.002968s ]
INFO: [ app_begin ] --END-- [ RunTime:0.003341s ]

[ 2017-10-16T20:00:46+08:00 ] 0.0.0.0 /sassbike/index.php/User/do_stopOffer?offerId=43
INFO: [ app_begin ] --START--
INFO: Run ReadHtmlCache Behavior [ RunTime:0.003926s ]
INFO: [ app_begin ] --END-- [ RunTime:0.004394s ]
NOTIC: [8192] mysql_connect(): The mysql extension is deprecated and will be removed in the future: use mysqli or PDO instead D:\WampServer-3.0.6\wamp64\www\sassbike\ThinkPHP\Lib\Driver\Db\DbMysql.class.php 第 55 行.
SQL: SHOW COLUMNS FROM `bike_offer_record` [ RunTime:0.001473s ]
NOTIC: [8192] preg_replace(): The /e modifier is deprecated, use preg_replace_callback instead D:\WampServer-3.0.6\wamp64\www\sassbike\ThinkPHP\Lib\Core\Db.class.php 第 568 行.
SQL: SELECT * FROM `bike_offer_record` WHERE ( `offerId` = 43 ) LIMIT 1   [ RunTime:0.000740s ]

[ 2017-10-16T20:00:57+08:00 ] 0.0.0.0 /sassbike/index.php/User/do_stopOffer?offerId=43
INFO: [ app_begin ] --START--
INFO: Run ReadHtmlCache Behavior [ RunTime:0.004424s ]
INFO: [ app_begin ] --END-- [ RunTime:0.004941s ]
NOTIC: [8192] mysql_connect(): The mysql extension is deprecated and will be removed in the future: use mysqli or PDO instead D:\WampServer-3.0.6\wamp64\www\sassbike\ThinkPHP\Lib\Driver\Db\DbMysql.class.php 第 55 行.
SQL: SHOW COLUMNS FROM `bike_offer_record` [ RunTime:0.002069s ]
NOTIC: [8192] preg_replace(): The /e modifier is deprecated, use preg_replace_callback instead D:\WampServer-3.0.6\wamp64\www\sassbike\ThinkPHP\Lib\Core\Db.class.php 第 568 行.
SQL: SELECT * FROM `bike_offer_record` WHERE ( `offerId` = 43 ) LIMIT 1   [ RunTime:0.000855s ]

[ 2017-10-16T20:03:46+08:00 ] 0.0.0.0 /sassbike/index.php/User/do_stopOffer?offerId=43
INFO: [ app_begin ] --START--
INFO: Run ReadHtmlCache Behavior [ RunTime:0.006011s ]
INFO: [ app_begin ] --END-- [ RunTime:0.007688s ]
NOTIC: [8192] mysql_connect(): The mysql extension is deprecated and will be removed in the future: use mysqli or PDO instead D:\WampServer-3.0.6\wamp64\www\sassbike\ThinkPHP\Lib\Driver\Db\DbMysql.class.php 第 55 行.
SQL: SHOW COLUMNS FROM `bike_offer_record` [ RunTime:0.001453s ]
NOTIC: [8192] preg_replace(): The /e modifier is deprecated, use preg_replace_callback instead D:\WampServer-3.0.6\wamp64\www\sassbike\ThinkPHP\Lib\Core\Db.class.php 第 568 行.
SQL: SELECT * FROM `bike_offer_record` WHERE ( `offerId` = 43 ) LIMIT 1   [ RunTime:0.001048s ]

[ 2017-10-16T20:06:38+08:00 ] 0.0.0.0 /sassbike/index.php/User/do_stopOffer?offerId=43
INFO: [ app_begin ] --START--
INFO: Run ReadHtmlCache Behavior [ RunTime:0.004769s ]
INFO: [ app_begin ] --END-- [ RunTime:0.005495s ]
NOTIC: [8192] mysql_connect(): The mysql extension is deprecated and will be removed in the future: use mysqli or PDO instead D:\WampServer-3.0.6\wamp64\www\sassbike\ThinkPHP\Lib\Driver\Db\DbMysql.class.php 第 55 行.
SQL: SHOW COLUMNS FROM `bike_offer_record` [ RunTime:0.001930s ]
NOTIC: [8192] preg_replace(): The /e modifier is deprecated, use preg_replace_callback instead D:\WampServer-3.0.6\wamp64\www\sassbike\ThinkPHP\Lib\Core\Db.class.php 第 568 行.
SQL: SELECT * FROM `bike_offer_record` WHERE ( `offerId` = 43 ) LIMIT 1   [ RunTime:0.001006s ]

[ 2017-10-16T20:07:02+08:00 ] 0.0.0.0 /sassbike/index.php/User/do_stopOffer?offerId=43
INFO: [ app_begin ] --START--
INFO: Run ReadHtmlCache Behavior [ RunTime:0.002921s ]
INFO: [ app_begin ] --END-- [ RunTime:0.003277s ]
NOTIC: [8192] mysql_connect(): The mysql extension is deprecated and will be removed in the future: use mysqli or PDO instead D:\WampServer-3.0.6\wamp64\www\sassbike\ThinkPHP\Lib\Driver\Db\DbMysql.class.php 第 55 行.
SQL: SHOW COLUMNS FROM `bike_offer_record` [ RunTime:0.002010s ]
NOTIC: [8192] preg_replace(): The /e modifier is deprecated, use preg_replace_callback instead D:\WampServer-3.0.6\wamp64\www\sassbike\ThinkPHP\Lib\Core\Db.class.php 第 568 行.
SQL: SELECT * FROM `bike_offer_record` WHERE ( `offerId` = 43 ) LIMIT 1   [ RunTime:0.000800s ]

[ 2017-10-16T20:57:12+08:00 ] ERR: (ThinkException) 非法操作:do_offerRecord
[ 2017-10-16T20:57:47+08:00 ] 0.0.0.0 /sassbike/index.php/User/offerRecord?offerId=32
INFO: [ app_begin ] --START--
INFO: Run ReadHtmlCache Behavior [ RunTime:0.002859s ]
INFO: [ app_begin ] --END-- [ RunTime:0.003198s ]
NOTIC: [8192] mysql_connect(): The mysql extension is deprecated and will be removed in the future: use mysqli or PDO instead D:\WampServer-3.0.6\wamp64\www\sassbike\ThinkPHP\Lib\Driver\Db\DbMysql.class.php 第 55 行.
SQL: SHOW COLUMNS FROM `bike_user` [ RunTime:0.001962s ]
NOTIC: [8192] preg_replace(): The /e modifier is deprecated, use preg_replace_callback instead D:\WampServer-3.0.6\wamp64\www\sassbike\ThinkPHP\Lib\Core\Db.class.php 第 568 行.
SQL: SELECT `headPhoto` FROM `bike_user` WHERE ( `userId` = 24 ) LIMIT 1   [ RunTime:0.000777s ]
NOTIC: [8192] preg_replace(): The /e modifier is deprecated, use preg_replace_callback instead D:\WampServer-3.0.6\wamp64\www\sassbike\ThinkPHP\Lib\Core\Db.class.php 第 568 行.
SQL: SELECT `extension` FROM `bike_user` WHERE ( `userId` = 24 ) LIMIT 1   [ RunTime:0.000758s ]
SQL: SHOW COLUMNS FROM `bike_offer_record` [ RunTime:0.001958s ]
NOTIC: [8] Use of undefined constant date - assumed 'date' D:\WampServer-3.0.6\wamp64\www\sassbike\ThinkPHP\Extend\Model\ViewModel.class.php 第 45 行.
SQL: SHOW COLUMNS FROM `bike_user` [ RunTime:0.001941s ]
SQL: SHOW COLUMNS FROM `bike_bikelist` [ RunTime:0.001980s ]
NOTIC: [8192] preg_replace(): The /e modifier is deprecated, use preg_replace_callback instead D:\WampServer-3.0.6\wamp64\www\sassbike\ThinkPHP\Lib\Core\Db.class.php 第 568 行.
SQL: SELECT COUNT(*) AS tp_count FROM bike_offer_record Offer_record  JOIN bike_user User ON Offer_record.userId=User.userId  JOIN bike_bikelist Bikelist ON Bikelist.bikeId=Offer_record.bikeId WHERE ( Offer_record.userId = '24' ) LIMIT 1   [ RunTime:0.001250s ]
NOTIC: [8192] preg_replace(): The /e modifier is deprecated, use preg_replace_callback instead D:\WampServer-3.0.6\wamp64\www\sassbike\ThinkPHP\Lib\Core\Db.class.php 第 568 行.
SQL: SELECT Offer_record.offerId AS offerId,Offer_record.bikeId AS bikeId,Offer_record.userId AS userId,Offer_record.offerState AS offerState,Offer_record.offerTime AS offerTime,Offer_record.stopOfferTime AS stopOfferTime,Bikelist.brand AS brand,Bikelist.bikeImg AS bikeImg,Bikelist.bikeExtension AS bikeExtension FROM bike_offer_record Offer_record  JOIN bike_user User ON Offer_record.userId=User.userId  JOIN bike_bikelist Bikelist ON Bikelist.bikeId=Offer_record.bikeId WHERE ( Offer_record.userId = '24' ) LIMIT 0,12   [ RunTime:0.001416s ]
INFO: [ view_template ] --START--
INFO: Run LocationTemplate Behavior [ RunTime:0.005519s ]
INFO: [ view_template ] --END-- [ RunTime:0.006069s ]
INFO: [ view_parse ] --START--
NOTIC: [8192] preg_replace(): The /e modifier is deprecated, use preg_replace_callback instead D:\WampServer-3.0.6\wamp64\www\sassbike\ThinkPHP\Lib\Template\ThinkTemplate.class.php 第 273 行.
NOTIC: [8192] preg_replace(): The /e modifier is deprecated, use preg_replace_callback instead D:\WampServer-3.0.6\wamp64\www\sassbike\ThinkPHP\Lib\Template\ThinkTemplate.class.php 第 168 行.
NOTIC: [8192] preg_replace(): The /e modifier is deprecated, use preg_replace_callback instead D:\WampServer-3.0.6\wamp64\www\sassbike\ThinkPHP\Lib\Template\ThinkTemplate.class.php 第 404 行.
NOTIC: [8192] preg_replace(): The /e modifier is deprecated, use preg_replace_callback instead D:\WampServer-3.0.6\wamp64\www\sassbike\ThinkPHP\Lib\Template\ThinkTemplate.class.php 第 404 行.
NOTIC: [8192] preg_replace(): The /e modifier is deprecated, use preg_replace_callback instead D:\WampServer-3.0.6\wamp64\www\sassbike\ThinkPHP\Lib\Template\ThinkTemplate.class.php 第 404 行.
NOTIC: [8192] preg_replace(): The /e modifier is deprecated, use preg_replace_callback instead D:\WampServer-3.0.6\wamp64\www\sassbike\ThinkPHP\Lib\Template\ThinkTemplate.class.php 第 404 行.
NOTIC: [8192] preg_replace(): The /e modifier is deprecated, use preg_replace_callback instead D:\WampServer-3.0.6\wamp64\www\sassbike\ThinkPHP\Lib\Template\ThinkTemplate.class.php 第 404 行.
NOTIC: [8192] preg_replace(): The /e modifier is deprecated, use preg_replace_callback instead D:\WampServer-3.0.6\wamp64\www\sassbike\ThinkPHP\Lib\Template\ThinkTemplate.class.php 第 273 行.
NOTIC: [8192] preg_replace(): The /e modifier is deprecated, use preg_replace_callback instead D:\WampServer-3.0.6\wamp64\www\sassbike\ThinkPHP\Lib\Template\ThinkTemplate.class.php 第 168 行.
NOTIC: [8192] preg_replace(): The /e modifier is deprecated, use preg_replace_callback instead D:\WampServer-3.0.6\wamp64\www\sassbike\ThinkPHP\Lib\Template\ThinkTemplate.class.php 第 404 行.
NOTIC: [8192] preg_replace(): The /e modifier is deprecated, use preg_replace_callback instead D:\WampServer-3.0.6\wamp64\www\sassbike\ThinkPHP\Lib\Template\ThinkTemplate.class.php 第 404 行.
NOTIC: [8192] preg_replace(): The /e modifier is deprecated, use preg_replace_callback instead D:\WampServer-3.0.6\wamp64\www\sassbike\ThinkPHP\Lib\Template\ThinkTemplate.class.php 第 404 行.
NOTIC: [8192] preg_replace(): The /e modifier is deprecated, use preg_replace_callback instead D:\WampServer-3.0.6\wamp64\www\sassbike\ThinkPHP\Lib\Template\ThinkTemplate.class.php 第 404 行.
NOTIC: [8192] preg_replace(): The /e modifier is deprecated, use preg_replace_callback instead D:\WampServer-3.0.6\wamp64\www\sassbike\ThinkPHP\Lib\Template\ThinkTemplate.class.php 第 404 行.
NOTIC: [8192] preg_replace(): The /e modifier is deprecated, use preg_replace_callback instead D:\WampServer-3.0.6\wamp64\www\sassbike\ThinkPHP\Lib\Template\ThinkTemplate.class.php 第 404 行.
NOTIC: [8192] preg_replace(): The /e modifier is deprecated, use preg_replace_callback instead D:\WampServer-3.0.6\wamp64\www\sassbike\ThinkPHP\Lib\Template\ThinkTemplate.class.php 第 404 行.
NOTIC: [8192] preg_replace(): The /e modifier is deprecated, use preg_replace_callback instead D:\WampServer-3.0.6\wamp64\www\sassbike\ThinkPHP\Lib\Template\ThinkTemplate.class.php 第 404 行.
NOTIC: [8192] preg_replace(): The /e modifier is deprecated, use preg_replace_callback instead D:\WampServer-3.0.6\wamp64\www\sassbike\ThinkPHP\Lib\Template\ThinkTemplate.class.php 第 404 行.
NOTIC: [8192] preg_replace(): The /e modifier is deprecated, use preg_replace_callback instead D:\WampServer-3.0.6\wamp64\www\sassbike\ThinkPHP\Lib\Template\ThinkTemplate.class.php 第 404 行.
NOTIC: [8192] preg_replace(): The /e modifier is deprecated, use preg_replace_callback instead D:\WampServer-3.0.6\wamp64\www\sassbike\ThinkPHP\Lib\Template\ThinkTemplate.class.php 第 404 行.
NOTIC: [8192] preg_replace(): The /e modifier is deprecated, use preg_replace_callback instead D:\WampServer-3.0.6\wamp64\www\sassbike\ThinkPHP\Lib\Template\ThinkTemplate.class.php 第 404 行.
NOTIC: [8192] preg_replace(): The /e modifier is deprecated, use preg_replace_callback instead D:\WampServer-3.0.6\wamp64\www\sassbike\ThinkPHP\Lib\Template\ThinkTemplate.class.php 第 399 行.
NOTIC: [8192] preg_replace(): The /e modifier is deprecated, use preg_replace_callback instead D:\WampServer-3.0.6\wamp64\www\sassbike\ThinkPHP\Lib\Template\ThinkTemplate.class.php 第 399 行.
NOTIC: [8192] preg_replace(): The /e modifier is deprecated, use preg_replace_callback instead D:\WampServer-3.0.6\wamp64\www\sassbike\ThinkPHP\Lib\Template\ThinkTemplate.class.php 第 404 行.
NOTIC: [8192] preg_replace(): The /e modifier is deprecated, use preg_replace_callback instead D:\WampServer-3.0.6\wamp64\www\sassbike\ThinkPHP\Lib\Template\ThinkTemplate.class.php 第 404 行.
NOTIC: [8192] preg_replace(): The /e modifier is deprecated, use preg_replace_callback instead D:\WampServer-3.0.6\wamp64\www\sassbike\ThinkPHP\Lib\Template\ThinkTemplate.class.php 第 404 行.
NOTIC: [8192] preg_replace(): The /e modifier is deprecated, use preg_replace_callback instead D:\WampServer-3.0.6\wamp64\www\sassbike\ThinkPHP\Lib\Template\ThinkTemplate.class.php 第 399 行.
NOTIC: [8192] preg_replace(): The /e modifier is deprecated, use preg_replace_callback instead D:\WampServer-3.0.6\wamp64\www\sassbike\ThinkPHP\Lib\Template\ThinkTemplate.class.php 第 404 行.
NOTIC: [8192] preg_replace(): The /e modifier is deprecated, use preg_replace_callback instead D:\WampServer-3.0.6\wamp64\www\sassbike\ThinkPHP\Lib\Template\ThinkTemplate.class.php 第 404 行.
NOTIC: [8192] preg_replace(): The /e modifier is deprecated, use preg_replace_callback instead D:\WampServer-3.0.6\wamp64\www\sassbike\ThinkPHP\Lib\Template\ThinkTemplate.class.php 第 404 行.
NOTIC: [8192] preg_replace(): The /e modifier is deprecated, use preg_replace_callback instead D:\WampServer-3.0.6\wamp64\www\sassbike\ThinkPHP\Lib\Template\ThinkTemplate.class.php 第 404 行.
NOTIC: [8192] preg_replace(): The /e modifier is deprecated, use preg_replace_callback instead D:\WampServer-3.0.6\wamp64\www\sassbike\ThinkPHP\Lib\Template\ThinkTemplate.class.php 第 404 行.
NOTIC: [8192] preg_replace(): The /e modifier is deprecated, use preg_replace_callback instead D:\WampServer-3.0.6\wamp64\www\sassbike\ThinkPHP\Lib\Template\ThinkTemplate.class.php 第 404 行.
NOTIC: [8192] preg_replace(): The /e modifier is deprecated, use preg_replace_callback instead D:\WampServer-3.0.6\wamp64\www\sassbike\ThinkPHP\Lib\Template\ThinkTemplate.class.php 第 404 行.
NOTIC: [8192] preg_replace(): The /e modifier is deprecated, use preg_replace_callback instead D:\WampServer-3.0.6\wamp64\www\sassbike\ThinkPHP\Lib\Template\ThinkTemplate.class.php 第 404 行.
NOTIC: [8192] preg_replace(): The /e modifier is deprecated, use preg_replace_callback instead D:\WampServer-3.0.6\wamp64\www\sassbike\ThinkPHP\Lib\Template\ThinkTemplate.class.php 第 404 行.
NOTIC: [8192] preg_replace(): The /e modifier is deprecated, use preg_replace_callback instead D:\WampServer-3.0.6\wamp64\www\sassbike\ThinkPHP\Lib\Template\ThinkTemplate.class.php 第 404 行.
NOTIC: [8192] preg_replace(): The /e modifier is deprecated, use preg_replace_callback instead D:\WampServer-3.0.6\wamp64\www\sassbike\ThinkPHP\Lib\Template\ThinkTemplate.class.php 第 404 行.
NOTIC: [8192] preg_replace(): The /e modifier is deprecated, use preg_replace_callback instead D:\WampServer-3.0.6\wamp64\www\sassbike\ThinkPHP\Lib\Template\ThinkTemplate.class.php 第 404 行.
NOTIC: [8192] preg_replace(): The /e modifier is deprecated, use preg_replace_callback instead D:\WampServer-3.0.6\wamp64\www\sassbike\ThinkPHP\Lib\Template\ThinkTemplate.class.php 第 404 行.
NOTIC: [8192] preg_replace(): The /e modifier is deprecated, use preg_replace_callback instead D:\WampServer-3.0.6\wamp64\www\sassbike\ThinkPHP\Lib\Template\ThinkTemplate.class.php 第 404 行.
NOTIC: [8192] preg_replace(): The /e modifier is deprecated, use preg_replace_callback instead D:\WampServer-3.0.6\wamp64\www\sassbike\ThinkPHP\Lib\Template\ThinkTemplate.class.php 第 404 行.
NOTIC: [8192] preg_replace(): The /e modifier is deprecated, use preg_replace_callback instead D:\WampServer-3.0.6\wamp64\www\sassbike\ThinkPHP\Lib\Template\ThinkTemplate.class.php 第 404 行.
NOTIC: [8192] preg_replace(): The /e modifier is deprecated, use preg_replace_callback instead D:\WampServer-3.0.6\wamp64\www\sassbike\ThinkPHP\Lib\Template\ThinkTemplate.class.php 第 404 行.
NOTIC: [8192] preg_replace(): The /e modifier is deprecated, use preg_replace_callback instead D:\WampServer-3.0.6\wamp64\www\sassbike\ThinkPHP\Lib\Template\ThinkTemplate.class.php 第 404 行.
NOTIC: [8192] preg_replace(): The /e modifier is deprecated, use preg_replace_callback instead D:\WampServer-3.0.6\wamp64\www\sassbike\ThinkPHP\Lib\Template\ThinkTemplate.class.php 第 404 行.
NOTIC: [8192] preg_replace(): The /e modifier is deprecated, use preg_replace_callback instead D:\WampServer-3.0.6\wamp64\www\sassbike\ThinkPHP\Lib\Template\ThinkTemplate.class.php 第 404 行.
NOTIC: [8192] preg_replace(): The /e modifier is deprecated, use preg_replace_callback instead D:\WampServer-3.0.6\wamp64\www\sassbike\ThinkPHP\Lib\Template\ThinkTemplate.class.php 第 404 行.
NOTIC: [8192] preg_replace(): The /e modifier is deprecated, use preg_replace_callback instead D:\WampServer-3.0.6\wamp64\www\sassbike\ThinkPHP\Lib\Template\ThinkTemplate.class.php 第 404 行.
NOTIC: [8192] preg_replace(): The /e modifier is deprecated, use preg_replace_callback instead D:\WampServer-3.0.6\wamp64\www\sassbike\ThinkPHP\Lib\Template\ThinkTemplate.class.php 第 404 行.
NOTIC: [8192] preg_replace(): The /e modifier is deprecated, use preg_replace_callback instead D:\WampServer-3.0.6\wamp64\www\sassbike\ThinkPHP\Lib\Template\ThinkTemplate.class.php 第 404 行.
NOTIC: [8192] preg_replace(): The /e modifier is deprecated, use preg_replace_callback instead D:\WampServer-3.0.6\wamp64\www\sassbike\ThinkPHP\Lib\Template\ThinkTemplate.class.php 第 404 行.
NOTIC: [8192] preg_replace(): The /e modifier is deprecated, use preg_replace_callback instead D:\WampServer-3.0.6\wamp64\www\sassbike\ThinkPHP\Lib\Template\ThinkTemplate.class.php 第 404 行.
NOTIC: [8192] preg_replace(): The /e modifier is deprecated, use preg_replace_callback instead D:\WampServer-3.0.6\wamp64\www\sassbike\ThinkPHP\Lib\Template\ThinkTemplate.class.php 第 404 行.
NOTIC: [8192] preg_replace(): The /e modifier is deprecated, use preg_replace_callback instead D:\WampServer-3.0.6\wamp64\www\sassbike\ThinkPHP\Lib\Template\ThinkTemplate.class.php 第 404 行.
NOTIC: [8192] preg_replace(): The /e modifier is deprecated, use preg_replace_callback instead D:\WampServer-3.0.6\wamp64\www\sassbike\ThinkPHP\Lib\Template\ThinkTemplate.class.php 第 404 行.
NOTIC: [8192] preg_replace(): The /e modifier is deprecated, use preg_replace_callback instead D:\WampServer-3.0.6\wamp64\www\sassbike\ThinkPHP\Lib\Template\ThinkTemplate.class.php 第 404 行.
NOTIC: [8192] preg_replace(): The /e modifier is deprecated, use preg_replace_callback instead D:\WampServer-3.0.6\wamp64\www\sassbike\ThinkPHP\Lib\Template\ThinkTemplate.class.php 第 404 行.
NOTIC: [8192] preg_replace(): The /e modifier is deprecated, use preg_replace_callback instead D:\WampServer-3.0.6\wamp64\www\sassbike\ThinkPHP\Lib\Template\ThinkTemplate.class.php 第 404 行.
NOTIC: [8192] preg_replace(): The /e modifier is deprecated, use preg_replace_callback instead D:\WampServer-3.0.6\wamp64\www\sassbike\ThinkPHP\Lib\Template\ThinkTemplate.class.php 第 404 行.
NOTIC: [8192] preg_replace(): The /e modifier is deprecated, use preg_replace_callback instead D:\WampServer-3.0.6\wamp64\www\sassbike\ThinkPHP\Lib\Template\ThinkTemplate.class.php 第 404 行.
NOTIC: [8192] preg_replace(): The /e modifier is deprecated, use preg_replace_callback instead D:\WampServer-3.0.6\wamp64\www\sassbike\ThinkPHP\Lib\Template\ThinkTemplate.class.php 第 404 行.
NOTIC: [8192] preg_replace(): The /e modifier is deprecated, use preg_replace_callback instead D:\WampServer-3.0.6\wamp64\www\sassbike\ThinkPHP\Lib\Template\ThinkTemplate.class.php 第 404 行.
NOTIC: [8192] preg_replace(): The /e modifier is deprecated, use preg_replace_callback instead D:\WampServer-3.0.6\wamp64\www\sassbike\ThinkPHP\Lib\Template\ThinkTemplate.class.php 第 404 行.
NOTIC: [8192] preg_replace(): The /e modifier is deprecated, use preg_replace_callback instead D:\WampServer-3.0.6\wamp64\www\sassbike\ThinkPHP\Lib\Template\ThinkTemplate.class.php 第 404 行.
NOTIC: [8192] preg_replace(): The /e modifier is deprecated, use preg_replace_callback instead D:\WampServer-3.0.6\wamp64\www\sassbike\ThinkPHP\Lib\Template\ThinkTemplate.class.php 第 404 行.
NOTIC: [8192] preg_replace(): The /e modifier is deprecated, use preg_replace_callback instead D:\WampServer-3.0.6\wamp64\www\sassbike\ThinkPHP\Lib\Template\ThinkTemplate.class.php 第 404 行.
NOTIC: [8192] preg_replace(): The /e modifier is deprecated, use preg_replace_callback instead D:\WampServer-3.0.6\wamp64\www\sassbike\ThinkPHP\Lib\Template\ThinkTemplate.class.php 第 404 行.
NOTIC: [8192] preg_replace(): The /e modifier is deprecated, use preg_replace_callback instead D:\WampServer-3.0.6\wamp64\www\sassbike\ThinkPHP\Lib\Template\ThinkTemplate.class.php 第 404 行.
NOTIC: [8192] preg_replace(): The /e modifier is deprecated, use preg_replace_callback instead D:\WampServer-3.0.6\wamp64\www\sassbike\ThinkPHP\Lib\Template\ThinkTemplate.class.php 第 404 行.
NOTIC: [8192] preg_replace(): The /e modifier is deprecated, use preg_replace_callback instead D:\WampServer-3.0.6\wamp64\www\sassbike\ThinkPHP\Lib\Template\ThinkTemplate.class.php 第 404 行.
NOTIC: [8192] preg_replace(): The /e modifier is deprecated, use preg_replace_callback instead D:\WampServer-3.0.6\wamp64\www\sassbike\ThinkPHP\Lib\Template\ThinkTemplate.class.php 第 404 行.
NOTIC: [8192] preg_replace(): The /e modifier is deprecated, use preg_replace_callback instead D:\WampServer-3.0.6\wamp64\www\sassbike\ThinkPHP\Lib\Template\ThinkTemplate.class.php 第 404 行.
NOTIC: [8192] preg_replace(): The /e modifier is deprecated, use preg_replace_callback instead D:\WampServer-3.0.6\wamp64\www\sassbike\ThinkPHP\Lib\Template\ThinkTemplate.class.php 第 404 行.
NOTIC: [8192] preg_replace(): The /e modifier is deprecated, use preg_replace_callback instead D:\WampServer-3.0.6\wamp64\www\sassbike\ThinkPHP\Lib\Template\ThinkTemplate.class.php 第 404 行.
NOTIC: [8192] preg_replace(): The /e modifier is deprecated, use preg_replace_callback instead D:\WampServer-3.0.6\wamp64\www\sassbike\ThinkPHP\Lib\Template\ThinkTemplate.class.php 第 404 行.
NOTIC: [8192] preg_replace(): The /e modifier is deprecated, use preg_replace_callback instead D:\WampServer-3.0.6\wamp64\www\sassbike\ThinkPHP\Lib\Template\ThinkTemplate.class.php 第 404 行.
NOTIC: [8192] preg_replace(): The /e modifier is deprecated, use preg_replace_callback instead D:\WampServer-3.0.6\wamp64\www\sassbike\ThinkPHP\Lib\Template\ThinkTemplate.class.php 第 404 行.
NOTIC: [8192] preg_replace(): The /e modifier is deprecated, use preg_replace_callback instead D:\WampServer-3.0.6\wamp64\www\sassbike\ThinkPHP\Lib\Template\ThinkTemplate.class.php 第 404 行.
NOTIC: [8192] preg_replace(): The /e modifier is deprecated, use preg_replace_callback instead D:\WampServer-3.0.6\wamp64\www\sassbike\ThinkPHP\Lib\Template\ThinkTemplate.class.php 第 404 行.
NOTIC: [8192] preg_replace(): The /e modifier is deprecated, use preg_replace_callback instead D:\WampServer-3.0.6\wamp64\www\sassbike\ThinkPHP\Lib\Template\ThinkTemplate.class.php 第 404 行.
NOTIC: [8192] preg_replace(): The /e modifier is deprecated, use preg_replace_callback instead D:\WampServer-3.0.6\wamp64\www\sassbike\ThinkPHP\Lib\Template\ThinkTemplate.class.php 第 404 行.
NOTIC: [8192] preg_replace(): The /e modifier is deprecated, use preg_replace_callback instead D:\WampServer-3.0.6\wamp64\www\sassbike\ThinkPHP\Lib\Template\ThinkTemplate.class.php 第 404 行.
NOTIC: [8192] preg_replace(): The /e modifier is deprecated, use preg_replace_callback instead D:\WampServer-3.0.6\wamp64\www\sassbike\ThinkPHP\Lib\Template\ThinkTemplate.class.php 第 404 行.
NOTIC: [8192] preg_replace(): The /e modifier is deprecated, use preg_replace_callback instead D:\WampServer-3.0.6\wamp64\www\sassbike\ThinkPHP\Lib\Template\ThinkTemplate.class.php 第 404 行.
NOTIC: [8192] preg_replace(): The /e modifier is deprecated, use preg_replace_callback instead D:\WampServer-3.0.6\wamp64\www\sassbike\ThinkPHP\Lib\Template\ThinkTemplate.class.php 第 404 行.
NOTIC: [8192] preg_replace(): The /e modifier is deprecated, use preg_replace_callback instead D:\WampServer-3.0.6\wamp64\www\sassbike\ThinkPHP\Lib\Template\ThinkTemplate.class.php 第 404 行.
NOTIC: [8192] preg_replace(): The /e modifier is deprecated, use preg_replace_callback instead D:\WampServer-3.0.6\wamp64\www\sassbike\ThinkPHP\Lib\Template\ThinkTemplate.class.php 第 404 行.
NOTIC: [8192] preg_replace(): The /e modifier is deprecated, use preg_replace_callback instead D:\WampServer-3.0.6\wamp64\www\sassbike\ThinkPHP\Lib\Template\ThinkTemplate.class.php 第 404 行.
NOTIC: [8192] preg_replace(): The /e modifier is deprecated, use preg_replace_callback instead D:\WampServer-3.0.6\wamp64\www\sassbike\ThinkPHP\Lib\Template\ThinkTemplate.class.php 第 404 行.
NOTIC: [8192] preg_replace(): The /e modifier is deprecated, use preg_replace_callback instead D:\WampServer-3.0.6\wamp64\www\sassbike\ThinkPHP\Lib\Template\ThinkTemplate.class.php 第 404 行.
NOTIC: [8192] preg_replace(): The /e modifier is deprecated, use preg_replace_callback instead D:\WampServer-3.0.6\wamp64\www\sassbike\ThinkPHP\Lib\Template\ThinkTemplate.class.php 第 404 行.
NOTIC: [8192] preg_replace(): The /e modifier is deprecated, use preg_replace_callback instead D:\WampServer-3.0.6\wamp64\www\sassbike\ThinkPHP\Lib\Template\ThinkTemplate.class.php 第 404 行.
NOTIC: [8192] preg_replace(): The /e modifier is deprecated, use preg_replace_callback instead D:\WampServer-3.0.6\wamp64\www\sassbike\ThinkPHP\Lib\Template\ThinkTemplate.class.php 第 399 行.
NOTIC: [8192] preg_replace(): The /e modifier is deprecated, use preg_replace_callback instead D:\WampServer-3.0.6\wamp64\www\sassbike\ThinkPHP\Lib\Template\ThinkTemplate.class.php 第 399 行.
NOTIC: [8192] preg_replace(): The /e modifier is deprecated, use preg_replace_callback instead D:\WampServer-3.0.6\wamp64\www\sassbike\ThinkPHP\Lib\Template\ThinkTemplate.class.php 第 399 行.
NOTIC: [8192] preg_replace(): The /e modifier is deprecated, use preg_replace_callback instead D:\WampServer-3.0.6\wamp64\www\sassbike\ThinkPHP\Lib\Template\ThinkTemplate.class.php 第 399 行.
NOTIC: [8192] preg_replace(): The /e modifier is deprecated, use preg_replace_callback instead D:\WampServer-3.0.6\wamp64\www\sassbike\ThinkPHP\Lib\Template\ThinkTemplate.class.php 第 399 行.
NOTIC: [8192] preg_replace(): The /e modifier is deprecated, use preg_replace_callback instead D:\WampServer-3.0.6\wamp64\www\sassbike\ThinkPHP\Lib\Template\ThinkTemplate.class.php 第 399 行.
NOTIC: [8192] preg_replace(): The /e modifier is deprecated, use preg_replace_callback instead D:\WampServer-3.0.6\wamp64\www\sassbike\ThinkPHP\Lib\Template\ThinkTemplate.class.php 第 404 行.
NOTIC: [8192] preg_replace(): The /e modifier is deprecated, use preg_replace_callback instead D:\WampServer-3.0.6\wamp64\www\sassbike\ThinkPHP\Lib\Template\ThinkTemplate.class.php 第 404 行.
NOTIC: [8192] preg_replace(): The /e modifier is deprecated, use preg_replace_callback instead D:\WampServer-3.0.6\wamp64\www\sassbike\ThinkPHP\Lib\Template\ThinkTemplate.class.php 第 404 行.
NOTIC: [8192] preg_replace(): The /e modifier is deprecated, use preg_replace_callback instead D:\WampServer-3.0.6\wamp64\www\sassbike\ThinkPHP\Lib\Template\ThinkTemplate.class.php 第 197 行.
NOTIC: [8192] preg_replace(): The /e modifier is deprecated, use preg_replace_callback instead D:\WampServer-3.0.6\wamp64\www\sassbike\ThinkPHP\Lib\Template\ThinkTemplate.class.php 第 404 行.
NOTIC: [8192] preg_replace(): The /e modifier is deprecated, use preg_replace_callback instead D:\WampServer-3.0.6\wamp64\www\sassbike\ThinkPHP\Lib\Template\ThinkTemplate.class.php 第 404 行.
NOTIC: [8192] preg_replace(): The /e modifier is deprecated, use preg_replace_callback instead D:\WampServer-3.0.6\wamp64\www\sassbike\ThinkPHP\Lib\Template\ThinkTemplate.class.php 第 404 行.
NOTIC: [8192] preg_replace(): The /e modifier is deprecated, use preg_replace_callback instead D:\WampServer-3.0.6\wamp64\www\sassbike\ThinkPHP\Lib\Template\ThinkTemplate.class.php 第 404 行.
NOTIC: [8192] preg_replace(): The /e modifier is deprecated, use preg_replace_callback instead D:\WampServer-3.0.6\wamp64\www\sassbike\ThinkPHP\Lib\Template\ThinkTemplate.class.php 第 404 行.
NOTIC: [8192] preg_replace(): The /e modifier is deprecated, use preg_replace_callback instead D:\WampServer-3.0.6\wamp64\www\sassbike\ThinkPHP\Lib\Template\ThinkTemplate.class.php 第 404 行.
NOTIC: [8192] preg_replace(): The /e modifier is deprecated, use preg_replace_callback instead D:\WampServer-3.0.6\wamp64\www\sassbike\ThinkPHP\Lib\Template\ThinkTemplate.class.php 第 404 行.
NOTIC: [8192] preg_replace(): The /e modifier is deprecated, use preg_replace_callback instead D:\WampServer-3.0.6\wamp64\www\sassbike\ThinkPHP\Lib\Template\ThinkTemplate.class.php 第 399 行.
NOTIC: [8192] preg_replace(): The /e modifier is deprecated, use preg_replace_callback instead D:\WampServer-3.0.6\wamp64\www\sassbike\ThinkPHP\Lib\Template\ThinkTemplate.class.php 第 399 行.
NOTIC: [8192] preg_replace(): The /e modifier is deprecated, use preg_replace_callback instead D:\WampServer-3.0.6\wamp64\www\sassbike\ThinkPHP\Lib\Template\ThinkTemplate.class.php 第 404 行.
NOTIC: [8192] preg_replace(): The /e modifier is deprecated, use preg_replace_callback instead D:\WampServer-3.0.6\wamp64\www\sassbike\ThinkPHP\Lib\Template\ThinkTemplate.class.php 第 404 行.
NOTIC: [8192] preg_replace(): The /e modifier is deprecated, use preg_replace_callback instead D:\WampServer-3.0.6\wamp64\www\sassbike\ThinkPHP\Lib\Template\ThinkTemplate.class.php 第 404 行.
NOTIC: [8192] preg_replace(): The /e modifier is deprecated, use preg_replace_callback instead D:\WampServer-3.0.6\wamp64\www\sassbike\ThinkPHP\Lib\Template\ThinkTemplate.class.php 第 399 行.
NOTIC: [8192] preg_replace(): The /e modifier is deprecated, use preg_replace_callback instead D:\WampServer-3.0.6\wamp64\www\sassbike\ThinkPHP\Lib\Template\ThinkTemplate.class.php 第 404 行.
NOTIC: [8192] preg_replace(): The /e modifier is deprecated, use preg_replace_callback instead D:\WampServer-3.0.6\wamp64\www\sassbike\ThinkPHP\Lib\Template\ThinkTemplate.class.php 第 404 行.
NOTIC: [8192] preg_replace(): The /e modifier is deprecated, use preg_replace_callback instead D:\WampServer-3.0.6\wamp64\www\sassbike\ThinkPHP\Lib\Template\ThinkTemplate.class.php 第 404 行.
NOTIC: [8192] preg_replace(): The /e modifier is deprecated, use preg_replace_callback instead D:\WampServer-3.0.6\wamp64\www\sassbike\ThinkPHP\Lib\Template\ThinkTemplate.class.php 第 404 行.
NOTIC: [8192] preg_replace(): The /e modifier is deprecated, use preg_replace_callback instead D:\WampServer-3.0.6\wamp64\www\sassbike\ThinkPHP\Lib\Template\ThinkTemplate.class.php 第 404 行.
NOTIC: [8192] preg_replace(): The /e modifier is deprecated, use preg_replace_callback instead D:\WampServer-3.0.6\wamp64\www\sassbike\ThinkPHP\Lib\Template\ThinkTemplate.class.php 第 404 行.
NOTIC: [8192] preg_replace(): The /e modifier is deprecated, use preg_replace_callback instead D:\WampServer-3.0.6\wamp64\www\sassbike\ThinkPHP\Lib\Template\ThinkTemplate.class.php 第 404 行.
NOTIC: [8192] preg_replace(): The /e modifier is deprecated, use preg_replace_callback instead D:\WampServer-3.0.6\wamp64\www\sassbike\ThinkPHP\Lib\Template\ThinkTemplate.class.php 第 404 行.
NOTIC: [8192] preg_replace(): The /e modifier is deprecated, use preg_replace_callback instead D:\WampServer-3.0.6\wamp64\www\sassbike\ThinkPHP\Lib\Template\ThinkTemplate.class.php 第 404 行.
NOTIC: [8192] preg_replace(): The /e modifier is deprecated, use preg_replace_callback instead D:\WampServer-3.0.6\wamp64\www\sassbike\ThinkPHP\Lib\Template\ThinkTemplate.class.php 第 404 行.
NOTIC: [8192] preg_replace(): The /e modifier is deprecated, use preg_replace_callback instead D:\WampServer-3.0.6\wamp64\www\sassbike\ThinkPHP\Lib\Template\ThinkTemplate.class.php 第 404 行.
NOTIC: [8192] preg_replace(): The /e modifier is deprecated, use preg_replace_callback instead D:\WampServer-3.0.6\wamp64\www\sassbike\ThinkPHP\Lib\Template\ThinkTemplate.class.php 第 404 行.
NOTIC: [8192] preg_replace(): The /e modifier is deprecated, use preg_replace_callback instead D:\WampServer-3.0.6\wamp64\www\sassbike\ThinkPHP\Lib\Template\ThinkTemplate.class.php 第 404 行.
NOTIC: [8192] preg_replace(): The /e modifier is deprecated, use preg_replace_callback instead D:\WampServer-3.0.6\wamp64\www\sassbike\ThinkPHP\Lib\Template\ThinkTemplate.class.php 第 404 行.
NOTIC: [8192] preg_replace(): The /e modifier is deprecated, use preg_replace_callback instead D:\WampServer-3.0.6\wamp64\www\sassbike\ThinkPHP\Lib\Template\ThinkTemplate.class.php 第 404 行.
NOTIC: [8192] preg_replace(): The /e modifier is deprecated, use preg_replace_callback instead D:\WampServer-3.0.6\wamp64\www\sassbike\ThinkPHP\Lib\Template\ThinkTemplate.class.php 第 404 行.
NOTIC: [8192] preg_replace(): The /e modifier is deprecated, use preg_replace_callback instead D:\WampServer-3.0.6\wamp64\www\sassbike\ThinkPHP\Lib\Template\ThinkTemplate.class.php 第 404 行.
NOTIC: [8192] preg_replace(): The /e modifier is deprecated, use preg_replace_callback instead D:\WampServer-3.0.6\wamp64\www\sassbike\ThinkPHP\Lib\Template\ThinkTemplate.class.php 第 404 行.
NOTIC: [8192] preg_replace(): The /e modifier is deprecated, use preg_replace_callback instead D:\WampServer-3.0.6\wamp64\www\sassbike\ThinkPHP\Lib\Template\ThinkTemplate.class.php 第 404 行.
NOTIC: [8192] preg_replace(): The /e modifier is deprecated, use preg_replace_callback instead D:\WampServer-3.0.6\wamp64\www\sassbike\ThinkPHP\Lib\Template\ThinkTemplate.class.php 第 404 行.
NOTIC: [8192] preg_replace(): The /e modifier is deprecated, use preg_replace_callback instead D:\WampServer-3.0.6\wamp64\www\sassbike\ThinkPHP\Lib\Template\ThinkTemplate.class.php 第 404 行.
NOTIC: [8192] preg_replace(): The /e modifier is deprecated, use preg_replace_callback instead D:\WampServer-3.0.6\wamp64\www\sassbike\ThinkPHP\Lib\Template\ThinkTemplate.class.php 第 404 行.
NOTIC: [8192] preg_replace(): The /e modifier is deprecated, use preg_replace_callback instead D:\WampServer-3.0.6\wamp64\www\sassbike\ThinkPHP\Lib\Template\ThinkTemplate.class.php 第 404 行.
NOTIC: [8192] preg_replace(): The /e modifier is deprecated, use preg_replace_callback instead D:\WampServer-3.0.6\wamp64\www\sassbike\ThinkPHP\Lib\Template\ThinkTemplate.class.php 第 404 行.
NOTIC: [8192] preg_replace(): The /e modifier is deprecated, use preg_replace_callback instead D:\WampServer-3.0.6\wamp64\www\sassbike\ThinkPHP\Lib\Template\ThinkTemplate.class.php 第 404 行.
NOTIC: [8192] preg_replace(): The /e modifier is deprecated, use preg_replace_callback instead D:\WampServer-3.0.6\wamp64\www\sassbike\ThinkPHP\Lib\Template\ThinkTemplate.class.php 第 404 行.
NOTIC: [8192] preg_replace(): The /e modifier is deprecated, use preg_replace_callback instead D:\WampServer-3.0.6\wamp64\www\sassbike\ThinkPHP\Lib\Template\ThinkTemplate.class.php 第 404 行.
NOTIC: [8192] preg_replace(): The /e modifier is deprecated, use preg_replace_callback instead D:\WampServer-3.0.6\wamp64\www\sassbike\ThinkPHP\Lib\Template\ThinkTemplate.class.php 第 404 行.
NOTIC: [8192] preg_replace(): The /e modifier is deprecated, use preg_replace_callback instead D:\WampServer-3.0.6\wamp64\www\sassbike\ThinkPHP\Lib\Template\ThinkTemplate.class.php 第 404 行.
NOTIC: [8192] preg_replace(): The /e modifier is deprecated, use preg_replace_callback instead D:\WampServer-3.0.6\wamp64\www\sassbike\ThinkPHP\Lib\Template\ThinkTemplate.class.php 第 404 行.
NOTIC: [8192] preg_replace(): The /e modifier is deprecated, use preg_replace_callback instead D:\WampServer-3.0.6\wamp64\www\sassbike\ThinkPHP\Lib\Template\ThinkTemplate.class.php 第 404 行.
NOTIC: [8192] preg_replace(): The /e modifier is deprecated, use preg_replace_callback instead D:\WampServer-3.0.6\wamp64\www\sassbike\ThinkPHP\Lib\Template\ThinkTemplate.class.php 第 404 行.
NOTIC: [8192] preg_replace(): The /e modifier is deprecated, use preg_replace_callback instead D:\WampServer-3.0.6\wamp64\www\sassbike\ThinkPHP\Lib\Template\ThinkTemplate.class.php 第 404 行.
NOTIC: [8192] preg_replace(): The /e modifier is deprecated, use preg_replace_callback instead D:\WampServer-3.0.6\wamp64\www\sassbike\ThinkPHP\Lib\Template\ThinkTemplate.class.php 第 404 行.
NOTIC: [8192] preg_replace(): The /e modifier is deprecated, use preg_replace_callback instead D:\WampServer-3.0.6\wamp64\www\sassbike\ThinkPHP\Lib\Template\ThinkTemplate.class.php 第 404 行.
NOTIC: [8192] preg_replace(): The /e modifier is deprecated, use preg_replace_callback instead D:\WampServer-3.0.6\wamp64\www\sassbike\ThinkPHP\Lib\Template\ThinkTemplate.class.php 第 404 行.
NOTIC: [8192] preg_replace(): The /e modifier is deprecated, use preg_replace_callback instead D:\WampServer-3.0.6\wamp64\www\sassbike\ThinkPHP\Lib\Template\ThinkTemplate.class.php 第 404 行.
NOTIC: [8192] preg_replace(): The /e modifier is deprecated, use preg_replace_callback instead D:\WampServer-3.0.6\wamp64\www\sassbike\ThinkPHP\Lib\Template\ThinkTemplate.class.php 第 404 行.
NOTIC: [8192] preg_replace(): The /e modifier is deprecated, use preg_replace_callback instead D:\WampServer-3.0.6\wamp64\www\sassbike\ThinkPHP\Lib\Template\ThinkTemplate.class.php 第 404 行.
NOTIC: [8192] preg_replace(): The /e modifier is deprecated, use preg_replace_callback instead D:\WampServer-3.0.6\wamp64\www\sassbike\ThinkPHP\Lib\Template\ThinkTemplate.class.php 第 404 行.
NOTIC: [8192] preg_replace(): The /e modifier is deprecated, use preg_replace_callback instead D:\WampServer-3.0.6\wamp64\www\sassbike\ThinkPHP\Lib\Template\ThinkTemplate.class.php 第 404 行.
NOTIC: [8192] preg_replace(): The /e modifier is deprecated, use preg_replace_callback instead D:\WampServer-3.0.6\wamp64\www\sassbike\ThinkPHP\Lib\Template\ThinkTemplate.class.php 第 404 行.
NOTIC: [8192] preg_replace(): The /e modifier is deprecated, use preg_replace_callback instead D:\WampServer-3.0.6\wamp64\www\sassbike\ThinkPHP\Lib\Template\ThinkTemplate.class.php 第 404 行.
NOTIC: [8192] preg_replace(): The /e modifier is deprecated, use preg_replace_callback instead D:\WampServer-3.0.6\wamp64\www\sassbike\ThinkPHP\Lib\Template\ThinkTemplate.class.php 第 404 行.
NOTIC: [8192] preg_replace(): The /e modifier is deprecated, use preg_replace_callback instead D:\WampServer-3.0.6\wamp64\www\sassbike\ThinkPHP\Lib\Template\ThinkTemplate.class.php 第 404 行.
NOTIC: [8192] preg_replace(): The /e modifier is deprecated, use preg_replace_callback instead D:\WampServer-3.0.6\wamp64\www\sassbike\ThinkPHP\Lib\Template\ThinkTemplate.class.php 第 404 行.
NOTIC: [8192] preg_replace(): The /e modifier is deprecated, use preg_replace_callback instead D:\WampServer-3.0.6\wamp64\www\sassbike\ThinkPHP\Lib\Template\ThinkTemplate.class.php 第 404 行.
NOTIC: [8192] preg_replace(): The /e modifier is deprecated, use preg_replace_callback instead D:\WampServer-3.0.6\wamp64\www\sassbike\ThinkPHP\Lib\Template\ThinkTemplate.class.php 第 404 行.
NOTIC: [8192] preg_replace(): The /e modifier is deprecated, use preg_replace_callback instead D:\WampServer-3.0.6\wamp64\www\sassbike\ThinkPHP\Lib\Template\ThinkTemplate.class.php 第 404 行.
NOTIC: [8192] preg_replace(): The /e modifier is deprecated, use preg_replace_callback instead D:\WampServer-3.0.6\wamp64\www\sassbike\ThinkPHP\Lib\Template\ThinkTemplate.class.php 第 404 行.
NOTIC: [8192] preg_replace(): The /e modifier is deprecated, use preg_replace_callback instead D:\WampServer-3.0.6\wamp64\www\sassbike\ThinkPHP\Lib\Template\ThinkTemplate.class.php 第 404 行.
NOTIC: [8192] preg_replace(): The /e modifier is deprecated, use preg_replace_callback instead D:\WampServer-3.0.6\wamp64\www\sassbike\ThinkPHP\Lib\Template\ThinkTemplate.class.php 第 404 行.
NOTIC: [8192] preg_replace(): The /e modifier is deprecated, use preg_replace_callback instead D:\WampServer-3.0.6\wamp64\www\sassbike\ThinkPHP\Lib\Template\ThinkTemplate.class.php 第 404 行.
NOTIC: [8192] preg_replace(): The /e modifier is deprecated, use preg_replace_callback instead D:\WampServer-3.0.6\wamp64\www\sassbike\ThinkPHP\Lib\Template\ThinkTemplate.class.php 第 404 行.
NOTIC: [8192] preg_replace(): The /e modifier is deprecated, use preg_replace_callback instead D:\WampServer-3.0.6\wamp64\www\sassbike\ThinkPHP\Lib\Template\ThinkTemplate.class.php 第 404 行.
NOTIC: [8192] preg_replace(): The /e modifier is deprecated, use preg_replace_callback instead D:\WampServer-3.0.6\wamp64\www\sassbike\ThinkPHP\Lib\Template\ThinkTemplate.class.php 第 404 行.
NOTIC: [8192] preg_replace(): The /e modifier is deprecated, use preg_replace_callback instead D:\WampServer-3.0.6\wamp64\www\sassbike\ThinkPHP\Lib\Template\ThinkTemplate.class.php 第 404 行.
NOTIC: [8192] preg_replace(): The /e modifier is deprecated, use preg_replace_callback instead D:\WampServer-3.0.6\wamp64\www\sassbike\ThinkPHP\Lib\Template\ThinkTemplate.class.php 第 404 行.
NOTIC: [8192] preg_replace(): The /e modifier is deprecated, use preg_replace_callback instead D:\WampServer-3.0.6\wamp64\www\sassbike\ThinkPHP\Lib\Template\ThinkTemplate.class.php 第 404 行.
NOTIC: [8192] preg_replace(): The /e modifier is deprecated, use preg_replace_callback instead D:\WampServer-3.0.6\wamp64\www\sassbike\ThinkPHP\Lib\Template\ThinkTemplate.class.php 第 404 行.
NOTIC: [8192] preg_replace(): The /e modifier is deprecated, use preg_replace_callback instead D:\WampServer-3.0.6\wamp64\www\sassbike\ThinkPHP\Lib\Template\ThinkTemplate.class.php 第 404 行.
NOTIC: [8192] preg_replace(): The /e modifier is deprecated, use preg_replace_callback instead D:\WampServer-3.0.6\wamp64\www\sassbike\ThinkPHP\Lib\Template\ThinkTemplate.class.php 第 404 行.
NOTIC: [8192] preg_replace(): The /e modifier is deprecated, use preg_replace_callback instead D:\WampServer-3.0.6\wamp64\www\sassbike\ThinkPHP\Lib\Template\ThinkTemplate.class.php 第 404 行.
NOTIC: [8192] preg_replace(): The /e modifier is deprecated, use preg_replace_callback instead D:\WampServer-3.0.6\wamp64\www\sassbike\ThinkPHP\Lib\Template\ThinkTemplate.class.php 第 404 行.
NOTIC: [8192] preg_replace(): The /e modifier is deprecated, use preg_replace_callback instead D:\WampServer-3.0.6\wamp64\www\sassbike\ThinkPHP\Lib\Template\ThinkTemplate.class.php 第 404 行.
NOTIC: [8192] preg_replace(): The /e modifier is deprecated, use preg_replace_callback instead D:\WampServer-3.0.6\wamp64\www\sassbike\ThinkPHP\Lib\Template\ThinkTemplate.class.php 第 404 行.
NOTIC: [8192] preg_replace(): The /e modifier is deprecated, use preg_replace_callback instead D:\WampServer-3.0.6\wamp64\www\sassbike\ThinkPHP\Lib\Template\ThinkTemplate.class.php 第 399 行.
NOTIC: [8192] preg_replace(): The /e modifier is deprecated, use preg_replace_callback instead D:\WampServer-3.0.6\wamp64\www\sassbike\ThinkPHP\Lib\Template\ThinkTemplate.class.php 第 399 行.
NOTIC: [8192] preg_replace(): The /e modifier is deprecated, use preg_replace_callback instead D:\WampServer-3.0.6\wamp64\www\sassbike\ThinkPHP\Lib\Template\ThinkTemplate.class.php 第 399 行.
NOTIC: [8192] preg_replace(): The /e modifier is deprecated, use preg_replace_callback instead D:\WampServer-3.0.6\wamp64\www\sassbike\ThinkPHP\Lib\Template\ThinkTemplate.class.php 第 399 行.
NOTIC: [8192] preg_replace(): The /e modifier is deprecated, use preg_replace_callback instead D:\WampServer-3.0.6\wamp64\www\sassbike\ThinkPHP\Lib\Template\ThinkTemplate.class.php 第 399 行.
NOTIC: [8192] preg_replace(): The /e modifier is deprecated, use preg_replace_callback instead D:\WampServer-3.0.6\wamp64\www\sassbike\ThinkPHP\Lib\Template\ThinkTemplate.class.php 第 399 行.
NOTIC: [8192] preg_replace(): The /e modifier is deprecated, use preg_replace_callback instead D:\WampServer-3.0.6\wamp64\www\sassbike\ThinkPHP\Lib\Template\ThinkTemplate.class.php 第 404 行.
NOTIC: [8192] preg_replace(): The /e modifier is deprecated, use preg_replace_callback instead D:\WampServer-3.0.6\wamp64\www\sassbike\ThinkPHP\Lib\Template\ThinkTemplate.class.php 第 404 行.
NOTIC: [8192] preg_replace(): The /e modifier is deprecated, use preg_replace_callback instead D:\WampServer-3.0.6\wamp64\www\sassbike\ThinkPHP\Lib\Template\ThinkTemplate.class.php 第 404 行.
NOTIC: [8192] preg_replace(): The /e modifier is deprecated, use preg_replace_callback instead D:\WampServer-3.0.6\wamp64\www\sassbike\ThinkPHP\Lib\Template\ThinkTemplate.class.php 第 197 行.
NOTIC: [8192] preg_replace(): The /e modifier is deprecated, use preg_replace_callback instead D:\WampServer-3.0.6\wamp64\www\sassbike\ThinkPHP\Lib\Template\ThinkTemplate.class.php 第 137 行.
NOTIC: [8] Use of undefined constant offerState - assumed 'offerState' D:\WampServer-3.0.6\wamp64\www\sassbike\Home\Runtime\Cache\989fc394f91c04ac6ecbc0d04a8d833c.php 第 98 行.
NOTIC: [8] Use of undefined constant offerState - assumed 'offerState' D:\WampServer-3.0.6\wamp64\www\sassbike\Home\Runtime\Cache\989fc394f91c04ac6ecbc0d04a8d833c.php 第 100 行.
NOTIC: [8] Use of undefined constant offerState - assumed 'offerState' D:\WampServer-3.0.6\wamp64\www\sassbike\Home\Runtime\Cache\989fc394f91c04ac6ecbc0d04a8d833c.php 第 137 行.
NOTIC: [8] Use of undefined constant offerState - assumed 'offerState' D:\WampServer-3.0.6\wamp64\www\sassbike\Home\Runtime\Cache\989fc394f91c04ac6ecbc0d04a8d833c.php 第 98 行.
NOTIC: [8] Use of undefined constant offerState - assumed 'offerState' D:\WampServer-3.0.6\wamp64\www\sassbike\Home\Runtime\Cache\989fc394f91c04ac6ecbc0d04a8d833c.php 第 107 行.
NOTIC: [8] Use of undefined constant offerState - assumed 'offerState' D:\WampServer-3.0.6\wamp64\www\sassbike\Home\Runtime\Cache\989fc394f91c04ac6ecbc0d04a8d833c.php 第 116 行.
NOTIC: [8] Use of undefined constant offerState - assumed 'offerState' D:\WampServer-3.0.6\wamp64\www\sassbike\Home\Runtime\Cache\989fc394f91c04ac6ecbc0d04a8d833c.php 第 125 行.
NOTIC: [8] Use of undefined constant offerState - assumed 'offerState' D:\WampServer-3.0.6\wamp64\www\sassbike\Home\Runtime\Cache\989fc394f91c04ac6ecbc0d04a8d833c.php 第 127 行.
NOTIC: [8] Use of undefined constant offerState - assumed 'offerState' D:\WampServer-3.0.6\wamp64\www\sassbike\Home\Runtime\Cache\989fc394f91c04ac6ecbc0d04a8d833c.php 第 137 行.
NOTIC: [8] Use of undefined constant offerState - assumed 'offerState' D:\WampServer-3.0.6\wamp64\www\sassbike\Home\Runtime\Cache\989fc394f91c04ac6ecbc0d04a8d833c.php 第 142 行.
NOTIC: [8] Use of undefined constant offerState - assumed 'offerState' D:\WampServer-3.0.6\wamp64\www\sassbike\Home\Runtime\Cache\989fc394f91c04ac6ecbc0d04a8d833c.php 第 147 行.
NOTIC: [8] Use of undefined constant offerState - assumed 'offerState' D:\WampServer-3.0.6\wamp64\www\sassbike\Home\Runtime\Cache\989fc394f91c04ac6ecbc0d04a8d833c.php 第 152 行.
NOTIC: [8] Use of undefined constant offerState - assumed 'offerState' D:\WampServer-3.0.6\wamp64\www\sassbike\Home\Runtime\Cache\989fc394f91c04ac6ecbc0d04a8d833c.php 第 98 行.
NOTIC: [8] Use of undefined constant offerState - assumed 'offerState' D:\WampServer-3.0.6\wamp64\www\sassbike\Home\Runtime\Cache\989fc394f91c04ac6ecbc0d04a8d833c.php 第 107 行.
NOTIC: [8] Use of undefined constant offerState - assumed 'offerState' D:\WampServer-3.0.6\wamp64\www\sassbike\Home\Runtime\Cache\989fc394f91c04ac6ecbc0d04a8d833c.php 第 109 行.
NOTIC: [8] Use of undefined constant offerState - assumed 'offerState' D:\WampServer-3.0.6\wamp64\www\sassbike\Home\Runtime\Cache\989fc394f91c04ac6ecbc0d04a8d833c.php 第 137 行.
NOTIC: [8] Use of undefined constant offerState - assumed 'offerState' D:\WampServer-3.0.6\wamp64\www\sassbike\Home\Runtime\Cache\989fc394f91c04ac6ecbc0d04a8d833c.php 第 142 行.
NOTIC: [8] Use of undefined constant offerState - assumed 'offerState' D:\WampServer-3.0.6\wamp64\www\sassbike\Home\Runtime\Cache\989fc394f91c04ac6ecbc0d04a8d833c.php 第 98 行.
NOTIC: [8] Use of undefined constant offerState - assumed 'offerState' D:\WampServer-3.0.6\wamp64\www\sassbike\Home\Runtime\Cache\989fc394f91c04ac6ecbc0d04a8d833c.php 第 100 行.
NOTIC: [8] Use of undefined constant offerState - assumed 'offerState' D:\WampServer-3.0.6\wamp64\www\sassbike\Home\Runtime\Cache\989fc394f91c04ac6ecbc0d04a8d833c.php 第 137 行.
NOTIC: [8] Use of undefined constant offerState - assumed 'offerState' D:\WampServer-3.0.6\wamp64\www\sassbike\Home\Runtime\Cache\989fc394f91c04ac6ecbc0d04a8d833c.php 第 98 行.
NOTIC: [8] Use of undefined constant offerState - assumed 'offerState' D:\WampServer-3.0.6\wamp64\www\sassbike\Home\Runtime\Cache\989fc394f91c04ac6ecbc0d04a8d833c.php 第 100 行.
NOTIC: [8] Use of undefined constant offerState - assumed 'offerState' D:\WampServer-3.0.6\wamp64\www\sassbike\Home\Runtime\Cache\989fc394f91c04ac6ecbc0d04a8d833c.php 第 137 行.
INFO: Run ParseTemplate Behavior [ RunTime:0.106695s ]
INFO: [ view_parse ] --END-- [ RunTime:0.107254s ]
INFO: [ view_filter ] --START--
INFO: Run ContentReplace Behavior [ RunTime:0.004405s ]
INFO: Run TokenBuild Behavior [ RunTime:0.003783s ]
INFO: Run WriteHtmlCache Behavior [ RunTime:0.002888s ]
INFO: Run ShowRuntime Behavior [ RunTime:0.004271s ]
INFO: [ view_filter ] --END-- [ RunTime:0.017049s ]
INFO: [ view_end ] --START--
INFO: Run ShowPageTrace Behavior [ RunTime:0.003983s ]
INFO: [ view_end ] --END-- [ RunTime:0.004466s ]

