[ 2017-10-13T12:01:30+08:00 ] 0.0.0.0 /sassbike/index.php/Bike/do_borrowBike?bikeId=23
INFO: [ app_begin ] --START--
INFO: Run ReadHtmlCache Behavior [ RunTime:0.001773s ]
INFO: [ app_begin ] --END-- [ RunTime:0.002099s ]

[ 2017-10-13T12:04:18+08:00 ] 0.0.0.0 /sassbike/index.php/Bike/do_borrowBike?bikeId=23
INFO: [ app_begin ] --START--
INFO: Run ReadHtmlCache Behavior [ RunTime:0.001682s ]
INFO: [ app_begin ] --END-- [ RunTime:0.002003s ]

[ 2017-10-13T12:08:17+08:00 ] 0.0.0.0 /sassbike/index.php/Bike/do_borrowBike?bikeId=23
INFO: [ app_begin ] --START--
INFO: Run ReadHtmlCache Behavior [ RunTime:0.001692s ]
INFO: [ app_begin ] --END-- [ RunTime:0.002027s ]

[ 2017-10-13T12:08:25+08:00 ] 0.0.0.0 /sassbike/index.php/Bike/do_borrowBike?bikeId=23
INFO: [ app_begin ] --START--
INFO: Run ReadHtmlCache Behavior [ RunTime:0.002874s ]
INFO: [ app_begin ] --END-- [ RunTime:0.003483s ]

[ 2017-10-13T12:08:44+08:00 ] 0.0.0.0 /sassbike/index.php/Bike/do_borrowBike?bikeId=23
INFO: [ app_begin ] --START--
INFO: Run ReadHtmlCache Behavior [ RunTime:0.001851s ]
INFO: [ app_begin ] --END-- [ RunTime:0.002205s ]

[ 2017-10-13T12:10:34+08:00 ] 0.0.0.0 /sassbike/index.php/Bike/do_borrowBike?bikeId=23
INFO: [ app_begin ] --START--
INFO: Run ReadHtmlCache Behavior [ RunTime:0.002861s ]
INFO: [ app_begin ] --END-- [ RunTime:0.003448s ]
NOTIC: [8192] mysql_connect(): The mysql extension is deprecated and will be removed in the future: use mysqli or PDO instead D:\WampServer-3.0.6\wamp64\www\sassbike\ThinkPHP\Lib\Driver\Db\DbMysql.class.php 第 55 行.
SQL: SHOW COLUMNS FROM `bike_bikelist` [ RunTime:0.002210s ]
NOTIC: [8192] preg_replace(): The /e modifier is deprecated, use preg_replace_callback instead D:\WampServer-3.0.6\wamp64\www\sassbike\ThinkPHP\Lib\Core\Db.class.php 第 568 行.
SQL: SELECT * FROM `bike_bikelist` WHERE ( `bikeId` = 23 ) LIMIT 1   [ RunTime:0.001051s ]

[ 2017-10-13T12:11:36+08:00 ] 0.0.0.0 /sassbike/index.php/Bike/do_borrowBike?bikeId=23
INFO: [ app_begin ] --START--
INFO: Run ReadHtmlCache Behavior [ RunTime:0.003039s ]
INFO: [ app_begin ] --END-- [ RunTime:0.003607s ]
NOTIC: [8192] mysql_connect(): The mysql extension is deprecated and will be removed in the future: use mysqli or PDO instead D:\WampServer-3.0.6\wamp64\www\sassbike\ThinkPHP\Lib\Driver\Db\DbMysql.class.php 第 55 行.
SQL: SHOW COLUMNS FROM `bike_bikelist` [ RunTime:0.001597s ]
NOTIC: [8192] preg_replace(): The /e modifier is deprecated, use preg_replace_callback instead D:\WampServer-3.0.6\wamp64\www\sassbike\ThinkPHP\Lib\Core\Db.class.php 第 568 行.
SQL: SELECT `offerState` FROM `bike_bikelist` WHERE ( `bikeId` = 23 ) LIMIT 1   [ RunTime:0.000613s ]

[ 2017-10-13T12:12:04+08:00 ] 0.0.0.0 /sassbike/index.php/Bike/do_borrowBike?bikeId=23
INFO: [ app_begin ] --START--
INFO: Run ReadHtmlCache Behavior [ RunTime:0.001673s ]
INFO: [ app_begin ] --END-- [ RunTime:0.002001s ]
NOTIC: [8192] mysql_connect(): The mysql extension is deprecated and will be removed in the future: use mysqli or PDO instead D:\WampServer-3.0.6\wamp64\www\sassbike\ThinkPHP\Lib\Driver\Db\DbMysql.class.php 第 55 行.
SQL: SHOW COLUMNS FROM `bike_bikelist` [ RunTime:0.002018s ]
NOTIC: [8192] preg_replace(): The /e modifier is deprecated, use preg_replace_callback instead D:\WampServer-3.0.6\wamp64\www\sassbike\ThinkPHP\Lib\Core\Db.class.php 第 568 行.
SQL: SELECT `offerState` FROM `bike_bikelist` WHERE ( `bikeId` = 23 ) LIMIT 1   [ RunTime:0.000613s ]

[ 2017-10-13T12:27:14+08:00 ] 0.0.0.0 /sassbike/index.php/Bike/do_borrowBike?bikeId=23
INFO: [ app_begin ] --START--
INFO: Run ReadHtmlCache Behavior [ RunTime:0.003434s ]
INFO: [ app_begin ] --END-- [ RunTime:0.003865s ]
NOTIC: [8192] mysql_connect(): The mysql extension is deprecated and will be removed in the future: use mysqli or PDO instead D:\WampServer-3.0.6\wamp64\www\sassbike\ThinkPHP\Lib\Driver\Db\DbMysql.class.php 第 55 行.
SQL: SHOW COLUMNS FROM `bike_bikelist` [ RunTime:0.002035s ]
NOTIC: [8192] preg_replace(): The /e modifier is deprecated, use preg_replace_callback instead D:\WampServer-3.0.6\wamp64\www\sassbike\ThinkPHP\Lib\Core\Db.class.php 第 568 行.
SQL: SELECT * FROM `bike_bikelist` WHERE ( `bikeId` = 23 )  [ RunTime:0.000944s ]

[ 2017-10-13T12:28:02+08:00 ] 0.0.0.0 /sassbike/index.php/Bike/do_borrowBike?bikeId=23
INFO: [ app_begin ] --START--
INFO: Run ReadHtmlCache Behavior [ RunTime:0.004333s ]
INFO: [ app_begin ] --END-- [ RunTime:0.004920s ]
NOTIC: [8192] mysql_connect(): The mysql extension is deprecated and will be removed in the future: use mysqli or PDO instead D:\WampServer-3.0.6\wamp64\www\sassbike\ThinkPHP\Lib\Driver\Db\DbMysql.class.php 第 55 行.
SQL: SHOW COLUMNS FROM `bike_bikelist` [ RunTime:0.001827s ]
NOTIC: [8192] preg_replace(): The /e modifier is deprecated, use preg_replace_callback instead D:\WampServer-3.0.6\wamp64\www\sassbike\ThinkPHP\Lib\Core\Db.class.php 第 568 行.
SQL: SELECT * FROM `bike_bikelist` WHERE ( `bikeId` = 23 )  [ RunTime:0.001080s ]

[ 2017-10-13T12:33:25+08:00 ] 0.0.0.0 /sassbike/index.php/Bike/do_borrowBike?bikeId=23
INFO: [ app_begin ] --START--
INFO: Run ReadHtmlCache Behavior [ RunTime:0.002681s ]
INFO: [ app_begin ] --END-- [ RunTime:0.003049s ]
NOTIC: [8192] mysql_connect(): The mysql extension is deprecated and will be removed in the future: use mysqli or PDO instead D:\WampServer-3.0.6\wamp64\www\sassbike\ThinkPHP\Lib\Driver\Db\DbMysql.class.php 第 55 行.
SQL: SHOW COLUMNS FROM `bike_bikelist` [ RunTime:0.001572s ]
NOTIC: [8192] preg_replace(): The /e modifier is deprecated, use preg_replace_callback instead D:\WampServer-3.0.6\wamp64\www\sassbike\ThinkPHP\Lib\Core\Db.class.php 第 568 行.
SQL: SELECT * FROM `bike_bikelist` WHERE ( `bikeId` = 23 )  [ RunTime:0.000850s ]
NOTIC: [8] Undefined index: userId D:\WampServer-3.0.6\wamp64\www\sassbike\Home\Lib\Action\BikeAction.class.php 第 83 行.

[ 2017-10-13T16:13:10+08:00 ] 0.0.0.0 /sassbike/index.php/Bike/do_borrowBike?bikeId=22
INFO: [ app_begin ] --START--
INFO: Run ReadHtmlCache Behavior [ RunTime:0.003233s ]
INFO: [ app_begin ] --END-- [ RunTime:0.003629s ]
NOTIC: [8192] mysql_connect(): The mysql extension is deprecated and will be removed in the future: use mysqli or PDO instead D:\WampServer-3.0.6\wamp64\www\sassbike\ThinkPHP\Lib\Driver\Db\DbMysql.class.php 第 55 行.
SQL: SHOW COLUMNS FROM `bike_offer_record` [ RunTime:0.001348s ]
NOTIC: [8192] preg_replace(): The /e modifier is deprecated, use preg_replace_callback instead D:\WampServer-3.0.6\wamp64\www\sassbike\ThinkPHP\Lib\Core\Db.class.php 第 568 行.
SQL: SELECT * FROM `bike_offer_record` WHERE ( `bikeId` = 22 ) LIMIT 1   [ RunTime:0.000715s ]
SQL: SHOW COLUMNS FROM `bike_borrow_record` [ RunTime:0.004518s ]
SQL: INSERT INTO `bike_borrow_record` (`bikeId`,`userId`,`borrowerId`,`borrowTime`,`borrowState`) VALUES (22,1,3,'2017-10-13 16-13-10',0) [ RunTime:0.003820s ]
SQL: UPDATE `bike_offer_record` SET `offerId`=8,`bikeId`=22,`userId`=1,`offerTime`='0000-00-00 00:00:00',`offerState`=0,`stopOfferTime`='0000-00-00 00:00:00' WHERE ( `bikeId` = 22 ) [ RunTime:0.003310s ]

[ 2017-10-13T16:13:24+08:00 ] 0.0.0.0 /sassbike/index.php/Bike/do_borrowBike?bikeId=22
INFO: [ app_begin ] --START--
INFO: Run ReadHtmlCache Behavior [ RunTime:0.002108s ]
INFO: [ app_begin ] --END-- [ RunTime:0.002437s ]
NOTIC: [8192] mysql_connect(): The mysql extension is deprecated and will be removed in the future: use mysqli or PDO instead D:\WampServer-3.0.6\wamp64\www\sassbike\ThinkPHP\Lib\Driver\Db\DbMysql.class.php 第 55 行.
SQL: SHOW COLUMNS FROM `bike_offer_record` [ RunTime:0.001373s ]
NOTIC: [8192] preg_replace(): The /e modifier is deprecated, use preg_replace_callback instead D:\WampServer-3.0.6\wamp64\www\sassbike\ThinkPHP\Lib\Core\Db.class.php 第 568 行.
SQL: SELECT * FROM `bike_offer_record` WHERE ( `bikeId` = 22 ) LIMIT 1   [ RunTime:0.000699s ]
SQL: SHOW COLUMNS FROM `bike_borrow_record` [ RunTime:0.001244s ]
SQL: INSERT INTO `bike_borrow_record` (`bikeId`,`userId`,`borrowerId`,`borrowTime`,`borrowState`) VALUES (22,1,3,'2017-10-13 16-13-24',0) [ RunTime:0.003762s ]
SQL: UPDATE `bike_offer_record` SET `offerId`=8,`bikeId`=22,`userId`=1,`offerTime`='0000-00-00 00:00:00',`offerState`=0,`stopOfferTime`='0000-00-00 00:00:00' WHERE ( `bikeId` = 22 ) [ RunTime:0.002343s ]

[ 2017-10-13T16:14:43+08:00 ] 0.0.0.0 /sassbike/index.php/Bike/do_borrowBike?bikeId=22
INFO: [ app_begin ] --START--
INFO: Run ReadHtmlCache Behavior [ RunTime:0.002276s ]
INFO: [ app_begin ] --END-- [ RunTime:0.002632s ]
NOTIC: [8192] mysql_connect(): The mysql extension is deprecated and will be removed in the future: use mysqli or PDO instead D:\WampServer-3.0.6\wamp64\www\sassbike\ThinkPHP\Lib\Driver\Db\DbMysql.class.php 第 55 行.
SQL: SHOW COLUMNS FROM `bike_offer_record` [ RunTime:0.001905s ]
NOTIC: [8192] preg_replace(): The /e modifier is deprecated, use preg_replace_callback instead D:\WampServer-3.0.6\wamp64\www\sassbike\ThinkPHP\Lib\Core\Db.class.php 第 568 行.
SQL: SELECT * FROM `bike_offer_record` WHERE ( `bikeId` = 22 ) LIMIT 1   [ RunTime:0.000900s ]
SQL: SHOW COLUMNS FROM `bike_borrow_record` [ RunTime:0.001546s ]
SQL: INSERT INTO `bike_borrow_record` (`bikeId`,`userId`,`borrowerId`,`borrowTime`,`borrowState`) VALUES (22,1,3,'2017-10-13 16-14-43',0) [ RunTime:0.004270s ]
NOTIC: [8] Undefined variable: j D:\WampServer-3.0.6\wamp64\www\sassbike\Home\Lib\Action\BikeAction.class.php 第 120 行.

[ 2017-10-13T16:47:13+08:00 ] 0.0.0.0 /sassbike/index.php/Bike/do_borrowBike?bikeId=15
INFO: [ app_begin ] --START--
INFO: Run ReadHtmlCache Behavior [ RunTime:0.002880s ]
INFO: [ app_begin ] --END-- [ RunTime:0.003214s ]
NOTIC: [8192] mysql_connect(): The mysql extension is deprecated and will be removed in the future: use mysqli or PDO instead D:\WampServer-3.0.6\wamp64\www\sassbike\ThinkPHP\Lib\Driver\Db\DbMysql.class.php 第 55 行.
SQL: SHOW COLUMNS FROM `bike_offer_record` [ RunTime:0.001373s ]
NOTIC: [8192] preg_replace(): The /e modifier is deprecated, use preg_replace_callback instead D:\WampServer-3.0.6\wamp64\www\sassbike\ThinkPHP\Lib\Core\Db.class.php 第 568 行.
SQL: SELECT * FROM `bike_offer_record` WHERE ( `bikeId` = 15 ) LIMIT 1   [ RunTime:0.000653s ]
SQL: SHOW COLUMNS FROM `bike_borrow_record` [ RunTime:0.001331s ]
SQL: INSERT INTO `bike_borrow_record` (`bikeId`,`userId`,`borrowerId`,`borrowTime`,`borrowState`) VALUES (15,3,1,'2017-10-13 16-47-13',0) [ RunTime:0.003978s ]
NOTIC: [8] Undefined variable: j D:\WampServer-3.0.6\wamp64\www\sassbike\Home\Lib\Action\BikeAction.class.php 第 120 行.

[ 2017-10-13T17:00:05+08:00 ] ERR: (ThinkException) 非法操作:data
[ 2017-10-13T17:00:36+08:00 ] ERR: (ThinkException) 非法操作:data
[ 2017-10-13T17:00:47+08:00 ] ERR: (ThinkException) 非法操作:data
[ 2017-10-13T17:25:04+08:00 ] ERR: (ThinkException) 非法操作:__URL__
