[ 2017-10-10T23:34:25+08:00 ] 0.0.0.0 /sassbike/index.php/User/offerRecord
INFO: [ route_check ] --START--
INFO: Run CheckRoute Behavior [ RunTime:0.002986s ]
INFO: [ route_check ] --END-- [ RunTime:0.003714s ]
NOTIC: [8192] preg_replace(): The /e modifier is deprecated, use preg_replace_callback instead D:\WampServer-3.0.6\wamp64\www\sassbike\ThinkPHP\Lib\Core\Dispatcher.class.php 第 120 行.
INFO: [ app_begin ] --START--
INFO: Run ReadHtmlCache Behavior [ RunTime:0.002383s ]
INFO: [ app_begin ] --END-- [ RunTime:0.002978s ]
NOTIC: [8192] mysql_connect(): The mysql extension is deprecated and will be removed in the future: use mysqli or PDO instead D:\WampServer-3.0.6\wamp64\www\sassbike\ThinkPHP\Lib\Driver\Db\DbMysql.class.php 第 55 行.
SQL: SHOW COLUMNS FROM `bike_offer_record` [ RunTime:0.002315s ]
NOTIC: [8192] preg_replace(): The /e modifier is deprecated, use preg_replace_callback instead D:\WampServer-3.0.6\wamp64\www\sassbike\ThinkPHP\Lib\Core\Db.class.php 第 568 行.
SQL: SELECT `bikeId` FROM `bike_offer_record` WHERE ( `userId` = 3 )  [ RunTime:0.000774s ]
NOTIC: [8192] preg_replace(): The /e modifier is deprecated, use preg_replace_callback instead D:\WampServer-3.0.6\wamp64\www\sassbike\ThinkPHP\Lib\Core\Db.class.php 第 568 行.
SQL: SELECT COUNT(*) AS tp_count FROM `bike_offer_record` WHERE ( `userId` = 3 ) LIMIT 1   [ RunTime:0.000897s ]
SQL: SHOW COLUMNS FROM `bike_bikelist` [ RunTime:0.002702s ]
NOTIC: [8192] preg_replace(): The /e modifier is deprecated, use preg_replace_callback instead D:\WampServer-3.0.6\wamp64\www\sassbike\ThinkPHP\Lib\Core\Db.class.php 第 568 行.
SQL: SELECT * FROM `bike_bikelist` WHERE ( `bikeId` IN ('18','19','20','21') )  [ RunTime:0.001480s ]
INFO: [ view_template ] --START--
INFO: Run LocationTemplate Behavior [ RunTime:0.001849s ]
INFO: [ view_template ] --END-- [ RunTime:0.002520s ]
INFO: [ view_parse ] --START--
NOTIC: [8192] preg_replace(): The /e modifier is deprecated, use preg_replace_callback instead D:\WampServer-3.0.6\wamp64\www\sassbike\ThinkPHP\Lib\Template\ThinkTemplate.class.php 第 273 行.
NOTIC: [8192] preg_replace(): The /e modifier is deprecated, use preg_replace_callback instead D:\WampServer-3.0.6\wamp64\www\sassbike\ThinkPHP\Lib\Template\ThinkTemplate.class.php 第 168 行.
NOTIC: [8192] preg_replace(): The /e modifier is deprecated, use preg_replace_callback instead D:\WampServer-3.0.6\wamp64\www\sassbike\ThinkPHP\Lib\Template\ThinkTemplate.class.php 第 404 行.
NOTIC: [8192] preg_replace(): The /e modifier is deprecated, use preg_replace_callback instead D:\WampServer-3.0.6\wamp64\www\sassbike\ThinkPHP\Lib\Template\ThinkTemplate.class.php 第 404 行.
NOTIC: [8192] preg_replace(): The /e modifier is deprecated, use preg_replace_callback instead D:\WampServer-3.0.6\wamp64\www\sassbike\ThinkPHP\Lib\Template\ThinkTemplate.class.php 第 404 行.
NOTIC: [8192] preg_replace(): The /e modifier is deprecated, use preg_replace_callback instead D:\WampServer-3.0.6\wamp64\www\sassbike\ThinkPHP\Lib\Template\ThinkTemplate.class.php 第 404 行.
NOTIC: [8192] preg_replace(): The /e modifier is deprecated, use preg_replace_callback instead D:\WampServer-3.0.6\wamp64\www\sassbike\ThinkPHP\Lib\Template\ThinkTemplate.class.php 第 404 行.
NOTIC: [8192] preg_replace(): The /e modifier is deprecated, use preg_replace_callback instead D:\WampServer-3.0.6\wamp64\www\sassbike\ThinkPHP\Lib\Template\ThinkTemplate.class.php 第 273 行.
NOTIC: [8192] preg_replace(): The /e modifier is deprecated, use preg_replace_callback instead D:\WampServer-3.0.6\wamp64\www\sassbike\ThinkPHP\Lib\Template\ThinkTemplate.class.php 第 168 行.
NOTIC: [8192] preg_replace(): The /e modifier is deprecated, use preg_replace_callback instead D:\WampServer-3.0.6\wamp64\www\sassbike\ThinkPHP\Lib\Template\ThinkTemplate.class.php 第 404 行.
NOTIC: [8192] preg_replace(): The /e modifier is deprecated, use preg_replace_callback instead D:\WampServer-3.0.6\wamp64\www\sassbike\ThinkPHP\Lib\Template\ThinkTemplate.class.php 第 404 行.
NOTIC: [8192] preg_replace(): The /e modifier is deprecated, use preg_replace_callback instead D:\WampServer-3.0.6\wamp64\www\sassbike\ThinkPHP\Lib\Template\ThinkTemplate.class.php 第 404 行.
NOTIC: [8192] preg_replace(): The /e modifier is deprecated, use preg_replace_callback instead D:\WampServer-3.0.6\wamp64\www\sassbike\ThinkPHP\Lib\Template\ThinkTemplate.class.php 第 404 行.
NOTIC: [8192] preg_replace(): The /e modifier is deprecated, use preg_replace_callback instead D:\WampServer-3.0.6\wamp64\www\sassbike\ThinkPHP\Lib\Template\ThinkTemplate.class.php 第 404 行.
NOTIC: [8192] preg_replace(): The /e modifier is deprecated, use preg_replace_callback instead D:\WampServer-3.0.6\wamp64\www\sassbike\ThinkPHP\Lib\Template\ThinkTemplate.class.php 第 404 行.
NOTIC: [8192] preg_replace(): The /e modifier is deprecated, use preg_replace_callback instead D:\WampServer-3.0.6\wamp64\www\sassbike\ThinkPHP\Lib\Template\ThinkTemplate.class.php 第 404 行.
NOTIC: [8192] preg_replace(): The /e modifier is deprecated, use preg_replace_callback instead D:\WampServer-3.0.6\wamp64\www\sassbike\ThinkPHP\Lib\Template\ThinkTemplate.class.php 第 404 行.
NOTIC: [8192] preg_replace(): The /e modifier is deprecated, use preg_replace_callback instead D:\WampServer-3.0.6\wamp64\www\sassbike\ThinkPHP\Lib\Template\ThinkTemplate.class.php 第 404 行.
NOTIC: [8192] preg_replace(): The /e modifier is deprecated, use preg_replace_callback instead D:\WampServer-3.0.6\wamp64\www\sassbike\ThinkPHP\Lib\Template\ThinkTemplate.class.php 第 404 行.
NOTIC: [8192] preg_replace(): The /e modifier is deprecated, use preg_replace_callback instead D:\WampServer-3.0.6\wamp64\www\sassbike\ThinkPHP\Lib\Template\ThinkTemplate.class.php 第 404 行.
NOTIC: [8192] preg_replace(): The /e modifier is deprecated, use preg_replace_callback instead D:\WampServer-3.0.6\wamp64\www\sassbike\ThinkPHP\Lib\Template\ThinkTemplate.class.php 第 404 行.
NOTIC: [8192] preg_replace(): The /e modifier is deprecated, use preg_replace_callback instead D:\WampServer-3.0.6\wamp64\www\sassbike\ThinkPHP\Lib\Template\ThinkTemplate.class.php 第 399 行.
NOTIC: [8192] preg_replace(): The /e modifier is deprecated, use preg_replace_callback instead D:\WampServer-3.0.6\wamp64\www\sassbike\ThinkPHP\Lib\Template\ThinkTemplate.class.php 第 399 行.
NOTIC: [8192] preg_replace(): The /e modifier is deprecated, use preg_replace_callback instead D:\WampServer-3.0.6\wamp64\www\sassbike\ThinkPHP\Lib\Template\ThinkTemplate.class.php 第 404 行.
NOTIC: [8192] preg_replace(): The /e modifier is deprecated, use preg_replace_callback instead D:\WampServer-3.0.6\wamp64\www\sassbike\ThinkPHP\Lib\Template\ThinkTemplate.class.php 第 404 行.
NOTIC: [8192] preg_replace(): The /e modifier is deprecated, use preg_replace_callback instead D:\WampServer-3.0.6\wamp64\www\sassbike\ThinkPHP\Lib\Template\ThinkTemplate.class.php 第 404 行.
NOTIC: [8192] preg_replace(): The /e modifier is deprecated, use preg_replace_callback instead D:\WampServer-3.0.6\wamp64\www\sassbike\ThinkPHP\Lib\Template\ThinkTemplate.class.php 第 399 行.
NOTIC: [8192] preg_replace(): The /e modifier is deprecated, use preg_replace_callback instead D:\WampServer-3.0.6\wamp64\www\sassbike\ThinkPHP\Lib\Template\ThinkTemplate.class.php 第 404 行.
NOTIC: [8192] preg_replace(): The /e modifier is deprecated, use preg_replace_callback instead D:\WampServer-3.0.6\wamp64\www\sassbike\ThinkPHP\Lib\Template\ThinkTemplate.class.php 第 404 行.
NOTIC: [8192] preg_replace(): The /e modifier is deprecated, use preg_replace_callback instead D:\WampServer-3.0.6\wamp64\www\sassbike\ThinkPHP\Lib\Template\ThinkTemplate.class.php 第 404 行.
NOTIC: [8192] preg_replace(): The /e modifier is deprecated, use preg_replace_callback instead D:\WampServer-3.0.6\wamp64\www\sassbike\ThinkPHP\Lib\Template\ThinkTemplate.class.php 第 404 行.
NOTIC: [8192] preg_replace(): The /e modifier is deprecated, use preg_replace_callback instead D:\WampServer-3.0.6\wamp64\www\sassbike\ThinkPHP\Lib\Template\ThinkTemplate.class.php 第 404 行.
NOTIC: [8192] preg_replace(): The /e modifier is deprecated, use preg_replace_callback instead D:\WampServer-3.0.6\wamp64\www\sassbike\ThinkPHP\Lib\Template\ThinkTemplate.class.php 第 404 行.
NOTIC: [8192] preg_replace(): The /e modifier is deprecated, use preg_replace_callback instead D:\WampServer-3.0.6\wamp64\www\sassbike\ThinkPHP\Lib\Template\ThinkTemplate.class.php 第 404 行.
NOTIC: [8192] preg_replace(): The /e modifier is deprecated, use preg_replace_callback instead D:\WampServer-3.0.6\wamp64\www\sassbike\ThinkPHP\Lib\Template\ThinkTemplate.class.php 第 404 行.
NOTIC: [8192] preg_replace(): The /e modifier is deprecated, use preg_replace_callback instead D:\WampServer-3.0.6\wamp64\www\sassbike\ThinkPHP\Lib\Template\ThinkTemplate.class.php 第 404 行.
NOTIC: [8192] preg_replace(): The /e modifier is deprecated, use preg_replace_callback instead D:\WampServer-3.0.6\wamp64\www\sassbike\ThinkPHP\Lib\Template\ThinkTemplate.class.php 第 404 行.
NOTIC: [8192] preg_replace(): The /e modifier is deprecated, use preg_replace_callback instead D:\WampServer-3.0.6\wamp64\www\sassbike\ThinkPHP\Lib\Template\ThinkTemplate.class.php 第 404 行.
NOTIC: [8192] preg_replace(): The /e modifier is deprecated, use preg_replace_callback instead D:\WampServer-3.0.6\wamp64\www\sassbike\ThinkPHP\Lib\Template\ThinkTemplate.class.php 第 404 行.
NOTIC: [8192] preg_replace(): The /e modifier is deprecated, use preg_replace_callback instead D:\WampServer-3.0.6\wamp64\www\sassbike\ThinkPHP\Lib\Template\ThinkTemplate.class.php 第 404 行.
NOTIC: [8192] preg_replace(): The /e modifier is deprecated, use preg_replace_callback instead D:\WampServer-3.0.6\wamp64\www\sassbike\ThinkPHP\Lib\Template\ThinkTemplate.class.php 第 404 行.
NOTIC: [8192] preg_replace(): The /e modifier is deprecated, use preg_replace_callback instead D:\WampServer-3.0.6\wamp64\www\sassbike\ThinkPHP\Lib\Template\ThinkTemplate.class.php 第 404 行.
NOTIC: [8192] preg_replace(): The /e modifier is deprecated, use preg_replace_callback instead D:\WampServer-3.0.6\wamp64\www\sassbike\ThinkPHP\Lib\Template\ThinkTemplate.class.php 第 404 行.
NOTIC: [8192] preg_replace(): The /e modifier is deprecated, use preg_replace_callback instead D:\WampServer-3.0.6\wamp64\www\sassbike\ThinkPHP\Lib\Template\ThinkTemplate.class.php 第 404 行.
NOTIC: [8192] preg_replace(): The /e modifier is deprecated, use preg_replace_callback instead D:\WampServer-3.0.6\wamp64\www\sassbike\ThinkPHP\Lib\Template\ThinkTemplate.class.php 第 404 行.
NOTIC: [8192] preg_replace(): The /e modifier is deprecated, use preg_replace_callback instead D:\WampServer-3.0.6\wamp64\www\sassbike\ThinkPHP\Lib\Template\ThinkTemplate.class.php 第 404 行.
NOTIC: [8192] preg_replace(): The /e modifier is deprecated, use preg_replace_callback instead D:\WampServer-3.0.6\wamp64\www\sassbike\ThinkPHP\Lib\Template\ThinkTemplate.class.php 第 404 行.
NOTIC: [8192] preg_replace(): The /e modifier is deprecated, use preg_replace_callback instead D:\WampServer-3.0.6\wamp64\www\sassbike\ThinkPHP\Lib\Template\ThinkTemplate.class.php 第 404 行.
NOTIC: [8192] preg_replace(): The /e modifier is deprecated, use preg_replace_callback instead D:\WampServer-3.0.6\wamp64\www\sassbike\ThinkPHP\Lib\Template\ThinkTemplate.class.php 第 404 行.
NOTIC: [8192] preg_replace(): The /e modifier is deprecated, use preg_replace_callback instead D:\WampServer-3.0.6\wamp64\www\sassbike\ThinkPHP\Lib\Template\ThinkTemplate.class.php 第 404 行.
NOTIC: [8192] preg_replace(): The /e modifier is deprecated, use preg_replace_callback instead D:\WampServer-3.0.6\wamp64\www\sassbike\ThinkPHP\Lib\Template\ThinkTemplate.class.php 第 404 行.
NOTIC: [8192] preg_replace(): The /e modifier is deprecated, use preg_replace_callback instead D:\WampServer-3.0.6\wamp64\www\sassbike\ThinkPHP\Lib\Template\ThinkTemplate.class.php 第 404 行.
NOTIC: [8192] preg_replace(): The /e modifier is deprecated, use preg_replace_callback instead D:\WampServer-3.0.6\wamp64\www\sassbike\ThinkPHP\Lib\Template\ThinkTemplate.class.php 第 404 行.
NOTIC: [8192] preg_replace(): The /e modifier is deprecated, use preg_replace_callback instead D:\WampServer-3.0.6\wamp64\www\sassbike\ThinkPHP\Lib\Template\ThinkTemplate.class.php 第 404 行.
NOTIC: [8192] preg_replace(): The /e modifier is deprecated, use preg_replace_callback instead D:\WampServer-3.0.6\wamp64\www\sassbike\ThinkPHP\Lib\Template\ThinkTemplate.class.php 第 404 行.
NOTIC: [8192] preg_replace(): The /e modifier is deprecated, use preg_replace_callback instead D:\WampServer-3.0.6\wamp64\www\sassbike\ThinkPHP\Lib\Template\ThinkTemplate.class.php 第 404 行.
NOTIC: [8192] preg_replace(): The /e modifier is deprecated, use preg_replace_callback instead D:\WampServer-3.0.6\wamp64\www\sassbike\ThinkPHP\Lib\Template\ThinkTemplate.class.php 第 404 行.
NOTIC: [8192] preg_replace(): The /e modifier is deprecated, use preg_replace_callback instead D:\WampServer-3.0.6\wamp64\www\sassbike\ThinkPHP\Lib\Template\ThinkTemplate.class.php 第 404 行.
NOTIC: [8192] preg_replace(): The /e modifier is deprecated, use preg_replace_callback instead D:\WampServer-3.0.6\wamp64\www\sassbike\ThinkPHP\Lib\Template\ThinkTemplate.class.php 第 404 行.
NOTIC: [8192] preg_replace(): The /e modifier is deprecated, use preg_replace_callback instead D:\WampServer-3.0.6\wamp64\www\sassbike\ThinkPHP\Lib\Template\ThinkTemplate.class.php 第 404 行.
NOTIC: [8192] preg_replace(): The /e modifier is deprecated, use preg_replace_callback instead D:\WampServer-3.0.6\wamp64\www\sassbike\ThinkPHP\Lib\Template\ThinkTemplate.class.php 第 404 行.
NOTIC: [8192] preg_replace(): The /e modifier is deprecated, use preg_replace_callback instead D:\WampServer-3.0.6\wamp64\www\sassbike\ThinkPHP\Lib\Template\ThinkTemplate.class.php 第 404 行.
NOTIC: [8192] preg_replace(): The /e modifier is deprecated, use preg_replace_callback instead D:\WampServer-3.0.6\wamp64\www\sassbike\ThinkPHP\Lib\Template\ThinkTemplate.class.php 第 404 行.
NOTIC: [8192] preg_replace(): The /e modifier is deprecated, use preg_replace_callback instead D:\WampServer-3.0.6\wamp64\www\sassbike\ThinkPHP\Lib\Template\ThinkTemplate.class.php 第 404 行.
NOTIC: [8192] preg_replace(): The /e modifier is deprecated, use preg_replace_callback instead D:\WampServer-3.0.6\wamp64\www\sassbike\ThinkPHP\Lib\Template\ThinkTemplate.class.php 第 404 行.
NOTIC: [8192] preg_replace(): The /e modifier is deprecated, use preg_replace_callback instead D:\WampServer-3.0.6\wamp64\www\sassbike\ThinkPHP\Lib\Template\ThinkTemplate.class.php 第 404 行.
NOTIC: [8192] preg_replace(): The /e modifier is deprecated, use preg_replace_callback instead D:\WampServer-3.0.6\wamp64\www\sassbike\ThinkPHP\Lib\Template\ThinkTemplate.class.php 第 404 行.
NOTIC: [8192] preg_replace(): The /e modifier is deprecated, use preg_replace_callback instead D:\WampServer-3.0.6\wamp64\www\sassbike\ThinkPHP\Lib\Template\ThinkTemplate.class.php 第 404 行.
NOTIC: [8192] preg_replace(): The /e modifier is deprecated, use preg_replace_callback instead D:\WampServer-3.0.6\wamp64\www\sassbike\ThinkPHP\Lib\Template\ThinkTemplate.class.php 第 404 行.
NOTIC: [8192] preg_replace(): The /e modifier is deprecated, use preg_replace_callback instead D:\WampServer-3.0.6\wamp64\www\sassbike\ThinkPHP\Lib\Template\ThinkTemplate.class.php 第 404 行.
NOTIC: [8192] preg_replace(): The /e modifier is deprecated, use preg_replace_callback instead D:\WampServer-3.0.6\wamp64\www\sassbike\ThinkPHP\Lib\Template\ThinkTemplate.class.php 第 404 行.
NOTIC: [8192] preg_replace(): The /e modifier is deprecated, use preg_replace_callback instead D:\WampServer-3.0.6\wamp64\www\sassbike\ThinkPHP\Lib\Template\ThinkTemplate.class.php 第 404 行.
NOTIC: [8192] preg_replace(): The /e modifier is deprecated, use preg_replace_callback instead D:\WampServer-3.0.6\wamp64\www\sassbike\ThinkPHP\Lib\Template\ThinkTemplate.class.php 第 404 行.
NOTIC: [8192] preg_replace(): The /e modifier is deprecated, use preg_replace_callback instead D:\WampServer-3.0.6\wamp64\www\sassbike\ThinkPHP\Lib\Template\ThinkTemplate.class.php 第 404 行.
NOTIC: [8192] preg_replace(): The /e modifier is deprecated, use preg_replace_callback instead D:\WampServer-3.0.6\wamp64\www\sassbike\ThinkPHP\Lib\Template\ThinkTemplate.class.php 第 404 行.
NOTIC: [8192] preg_replace(): The /e modifier is deprecated, use preg_replace_callback instead D:\WampServer-3.0.6\wamp64\www\sassbike\ThinkPHP\Lib\Template\ThinkTemplate.class.php 第 404 行.
NOTIC: [8192] preg_replace(): The /e modifier is deprecated, use preg_replace_callback instead D:\WampServer-3.0.6\wamp64\www\sassbike\ThinkPHP\Lib\Template\ThinkTemplate.class.php 第 404 行.
NOTIC: [8192] preg_replace(): The /e modifier is deprecated, use preg_replace_callback instead D:\WampServer-3.0.6\wamp64\www\sassbike\ThinkPHP\Lib\Template\ThinkTemplate.class.php 第 404 行.
NOTIC: [8192] preg_replace(): The /e modifier is deprecated, use preg_replace_callback instead D:\WampServer-3.0.6\wamp64\www\sassbike\ThinkPHP\Lib\Template\ThinkTemplate.class.php 第 404 行.
NOTIC: [8192] preg_replace(): The /e modifier is deprecated, use preg_replace_callback instead D:\WampServer-3.0.6\wamp64\www\sassbike\ThinkPHP\Lib\Template\ThinkTemplate.class.php 第 404 行.
NOTIC: [8192] preg_replace(): The /e modifier is deprecated, use preg_replace_callback instead D:\WampServer-3.0.6\wamp64\www\sassbike\ThinkPHP\Lib\Template\ThinkTemplate.class.php 第 404 行.
NOTIC: [8192] preg_replace(): The /e modifier is deprecated, use preg_replace_callback instead D:\WampServer-3.0.6\wamp64\www\sassbike\ThinkPHP\Lib\Template\ThinkTemplate.class.php 第 404 行.
NOTIC: [8192] preg_replace(): The /e modifier is deprecated, use preg_replace_callback instead D:\WampServer-3.0.6\wamp64\www\sassbike\ThinkPHP\Lib\Template\ThinkTemplate.class.php 第 404 行.
NOTIC: [8192] preg_replace(): The /e modifier is deprecated, use preg_replace_callback instead D:\WampServer-3.0.6\wamp64\www\sassbike\ThinkPHP\Lib\Template\ThinkTemplate.class.php 第 404 行.
NOTIC: [8192] preg_replace(): The /e modifier is deprecated, use preg_replace_callback instead D:\WampServer-3.0.6\wamp64\www\sassbike\ThinkPHP\Lib\Template\ThinkTemplate.class.php 第 404 行.
NOTIC: [8192] preg_replace(): The /e modifier is deprecated, use preg_replace_callback instead D:\WampServer-3.0.6\wamp64\www\sassbike\ThinkPHP\Lib\Template\ThinkTemplate.class.php 第 404 行.
NOTIC: [8192] preg_replace(): The /e modifier is deprecated, use preg_replace_callback instead D:\WampServer-3.0.6\wamp64\www\sassbike\ThinkPHP\Lib\Template\ThinkTemplate.class.php 第 404 行.
NOTIC: [8192] preg_replace(): The /e modifier is deprecated, use preg_replace_callback instead D:\WampServer-3.0.6\wamp64\www\sassbike\ThinkPHP\Lib\Template\ThinkTemplate.class.php 第 404 行.
NOTIC: [8192] preg_replace(): The /e modifier is deprecated, use preg_replace_callback instead D:\WampServer-3.0.6\wamp64\www\sassbike\ThinkPHP\Lib\Template\ThinkTemplate.class.php 第 404 行.
NOTIC: [8192] preg_replace(): The /e modifier is deprecated, use preg_replace_callback instead D:\WampServer-3.0.6\wamp64\www\sassbike\ThinkPHP\Lib\Template\ThinkTemplate.class.php 第 404 行.
NOTIC: [8192] preg_replace(): The /e modifier is deprecated, use preg_replace_callback instead D:\WampServer-3.0.6\wamp64\www\sassbike\ThinkPHP\Lib\Template\ThinkTemplate.class.php 第 404 行.
NOTIC: [8192] preg_replace(): The /e modifier is deprecated, use preg_replace_callback instead D:\WampServer-3.0.6\wamp64\www\sassbike\ThinkPHP\Lib\Template\ThinkTemplate.class.php 第 404 行.
NOTIC: [8192] preg_replace(): The /e modifier is deprecated, use preg_replace_callback instead D:\WampServer-3.0.6\wamp64\www\sassbike\ThinkPHP\Lib\Template\ThinkTemplate.class.php 第 404 行.
NOTIC: [8192] preg_replace(): The /e modifier is deprecated, use preg_replace_callback instead D:\WampServer-3.0.6\wamp64\www\sassbike\ThinkPHP\Lib\Template\ThinkTemplate.class.php 第 399 行.
NOTIC: [8192] preg_replace(): The /e modifier is deprecated, use preg_replace_callback instead D:\WampServer-3.0.6\wamp64\www\sassbike\ThinkPHP\Lib\Template\ThinkTemplate.class.php 第 399 行.
NOTIC: [8192] preg_replace(): The /e modifier is deprecated, use preg_replace_callback instead D:\WampServer-3.0.6\wamp64\www\sassbike\ThinkPHP\Lib\Template\ThinkTemplate.class.php 第 399 行.
NOTIC: [8192] preg_replace(): The /e modifier is deprecated, use preg_replace_callback instead D:\WampServer-3.0.6\wamp64\www\sassbike\ThinkPHP\Lib\Template\ThinkTemplate.class.php 第 399 行.
NOTIC: [8192] preg_replace(): The /e modifier is deprecated, use preg_replace_callback instead D:\WampServer-3.0.6\wamp64\www\sassbike\ThinkPHP\Lib\Template\ThinkTemplate.class.php 第 399 行.
NOTIC: [8192] preg_replace(): The /e modifier is deprecated, use preg_replace_callback instead D:\WampServer-3.0.6\wamp64\www\sassbike\ThinkPHP\Lib\Template\ThinkTemplate.class.php 第 399 行.
NOTIC: [8192] preg_replace(): The /e modifier is deprecated, use preg_replace_callback instead D:\WampServer-3.0.6\wamp64\www\sassbike\ThinkPHP\Lib\Template\ThinkTemplate.class.php 第 404 行.
NOTIC: [8192] preg_replace(): The /e modifier is deprecated, use preg_replace_callback instead D:\WampServer-3.0.6\wamp64\www\sassbike\ThinkPHP\Lib\Template\ThinkTemplate.class.php 第 404 行.
NOTIC: [8192] preg_replace(): The /e modifier is deprecated, use preg_replace_callback instead D:\WampServer-3.0.6\wamp64\www\sassbike\ThinkPHP\Lib\Template\ThinkTemplate.class.php 第 404 行.
NOTIC: [8192] preg_replace(): The /e modifier is deprecated, use preg_replace_callback instead D:\WampServer-3.0.6\wamp64\www\sassbike\ThinkPHP\Lib\Template\ThinkTemplate.class.php 第 197 行.
NOTIC: [8192] preg_replace(): The /e modifier is deprecated, use preg_replace_callback instead D:\WampServer-3.0.6\wamp64\www\sassbike\ThinkPHP\Lib\Template\ThinkTemplate.class.php 第 404 行.
NOTIC: [8192] preg_replace(): The /e modifier is deprecated, use preg_replace_callback instead D:\WampServer-3.0.6\wamp64\www\sassbike\ThinkPHP\Lib\Template\ThinkTemplate.class.php 第 273 行.
NOTIC: [8192] preg_replace(): The /e modifier is deprecated, use preg_replace_callback instead D:\WampServer-3.0.6\wamp64\www\sassbike\ThinkPHP\Lib\Template\ThinkTemplate.class.php 第 168 行.
NOTIC: [8192] preg_replace(): The /e modifier is deprecated, use preg_replace_callback instead D:\WampServer-3.0.6\wamp64\www\sassbike\ThinkPHP\Lib\Template\ThinkTemplate.class.php 第 404 行.
NOTIC: [8192] preg_replace(): The /e modifier is deprecated, use preg_replace_callback instead D:\WampServer-3.0.6\wamp64\www\sassbike\ThinkPHP\Lib\Template\ThinkTemplate.class.php 第 404 行.
NOTIC: [8192] preg_replace(): The /e modifier is deprecated, use preg_replace_callback instead D:\WampServer-3.0.6\wamp64\www\sassbike\ThinkPHP\Lib\Template\ThinkTemplate.class.php 第 404 行.
NOTIC: [8192] preg_replace(): The /e modifier is deprecated, use preg_replace_callback instead D:\WampServer-3.0.6\wamp64\www\sassbike\ThinkPHP\Lib\Template\ThinkTemplate.class.php 第 404 行.
NOTIC: [8192] preg_replace(): The /e modifier is deprecated, use preg_replace_callback instead D:\WampServer-3.0.6\wamp64\www\sassbike\ThinkPHP\Lib\Template\ThinkTemplate.class.php 第 404 行.
NOTIC: [8192] preg_replace(): The /e modifier is deprecated, use preg_replace_callback instead D:\WampServer-3.0.6\wamp64\www\sassbike\ThinkPHP\Lib\Template\ThinkTemplate.class.php 第 404 行.
NOTIC: [8192] preg_replace(): The /e modifier is deprecated, use preg_replace_callback instead D:\WampServer-3.0.6\wamp64\www\sassbike\ThinkPHP\Lib\Template\ThinkTemplate.class.php 第 404 行.
NOTIC: [8192] preg_replace(): The /e modifier is deprecated, use preg_replace_callback instead D:\WampServer-3.0.6\wamp64\www\sassbike\ThinkPHP\Lib\Template\ThinkTemplate.class.php 第 404 行.
NOTIC: [8192] preg_replace(): The /e modifier is deprecated, use preg_replace_callback instead D:\WampServer-3.0.6\wamp64\www\sassbike\ThinkPHP\Lib\Template\ThinkTemplate.class.php 第 404 行.
NOTIC: [8192] preg_replace(): The /e modifier is deprecated, use preg_replace_callback instead D:\WampServer-3.0.6\wamp64\www\sassbike\ThinkPHP\Lib\Template\ThinkTemplate.class.php 第 404 行.
NOTIC: [8192] preg_replace(): The /e modifier is deprecated, use preg_replace_callback instead D:\WampServer-3.0.6\wamp64\www\sassbike\ThinkPHP\Lib\Template\ThinkTemplate.class.php 第 404 行.
NOTIC: [8192] preg_replace(): The /e modifier is deprecated, use preg_replace_callback instead D:\WampServer-3.0.6\wamp64\www\sassbike\ThinkPHP\Lib\Template\ThinkTemplate.class.php 第 404 行.
NOTIC: [8192] preg_replace(): The /e modifier is deprecated, use preg_replace_callback instead D:\WampServer-3.0.6\wamp64\www\sassbike\ThinkPHP\Lib\Template\ThinkTemplate.class.php 第 399 行.
NOTIC: [8192] preg_replace(): The /e modifier is deprecated, use preg_replace_callback instead D:\WampServer-3.0.6\wamp64\www\sassbike\ThinkPHP\Lib\Template\ThinkTemplate.class.php 第 399 行.
NOTIC: [8192] preg_replace(): The /e modifier is deprecated, use preg_replace_callback instead D:\WampServer-3.0.6\wamp64\www\sassbike\ThinkPHP\Lib\Template\ThinkTemplate.class.php 第 404 行.
NOTIC: [8192] preg_replace(): The /e modifier is deprecated, use preg_replace_callback instead D:\WampServer-3.0.6\wamp64\www\sassbike\ThinkPHP\Lib\Template\ThinkTemplate.class.php 第 404 行.
NOTIC: [8192] preg_replace(): The /e modifier is deprecated, use preg_replace_callback instead D:\WampServer-3.0.6\wamp64\www\sassbike\ThinkPHP\Lib\Template\ThinkTemplate.class.php 第 404 行.
NOTIC: [8192] preg_replace(): The /e modifier is deprecated, use preg_replace_callback instead D:\WampServer-3.0.6\wamp64\www\sassbike\ThinkPHP\Lib\Template\ThinkTemplate.class.php 第 399 行.
NOTIC: [8192] preg_replace(): The /e modifier is deprecated, use preg_replace_callback instead D:\WampServer-3.0.6\wamp64\www\sassbike\ThinkPHP\Lib\Template\ThinkTemplate.class.php 第 404 行.
NOTIC: [8192] preg_replace(): The /e modifier is deprecated, use preg_replace_callback instead D:\WampServer-3.0.6\wamp64\www\sassbike\ThinkPHP\Lib\Template\ThinkTemplate.class.php 第 404 行.
NOTIC: [8192] preg_replace(): The /e modifier is deprecated, use preg_replace_callback instead D:\WampServer-3.0.6\wamp64\www\sassbike\ThinkPHP\Lib\Template\ThinkTemplate.class.php 第 404 行.
NOTIC: [8192] preg_replace(): The /e modifier is deprecated, use preg_replace_callback instead D:\WampServer-3.0.6\wamp64\www\sassbike\ThinkPHP\Lib\Template\ThinkTemplate.class.php 第 404 行.
NOTIC: [8192] preg_replace(): The /e modifier is deprecated, use preg_replace_callback instead D:\WampServer-3.0.6\wamp64\www\sassbike\ThinkPHP\Lib\Template\ThinkTemplate.class.php 第 404 行.
NOTIC: [8192] preg_replace(): The /e modifier is deprecated, use preg_replace_callback instead D:\WampServer-3.0.6\wamp64\www\sassbike\ThinkPHP\Lib\Template\ThinkTemplate.class.php 第 404 行.
NOTIC: [8192] preg_replace(): The /e modifier is deprecated, use preg_replace_callback instead D:\WampServer-3.0.6\wamp64\www\sassbike\ThinkPHP\Lib\Template\ThinkTemplate.class.php 第 404 行.
NOTIC: [8192] preg_replace(): The /e modifier is deprecated, use preg_replace_callback instead D:\WampServer-3.0.6\wamp64\www\sassbike\ThinkPHP\Lib\Template\ThinkTemplate.class.php 第 404 行.
NOTIC: [8192] preg_replace(): The /e modifier is deprecated, use preg_replace_callback instead D:\WampServer-3.0.6\wamp64\www\sassbike\ThinkPHP\Lib\Template\ThinkTemplate.class.php 第 404 行.
NOTIC: [8192] preg_replace(): The /e modifier is deprecated, use preg_replace_callback instead D:\WampServer-3.0.6\wamp64\www\sassbike\ThinkPHP\Lib\Template\ThinkTemplate.class.php 第 404 行.
NOTIC: [8192] preg_replace(): The /e modifier is deprecated, use preg_replace_callback instead D:\WampServer-3.0.6\wamp64\www\sassbike\ThinkPHP\Lib\Template\ThinkTemplate.class.php 第 404 行.
NOTIC: [8192] preg_replace(): The /e modifier is deprecated, use preg_replace_callback instead D:\WampServer-3.0.6\wamp64\www\sassbike\ThinkPHP\Lib\Template\ThinkTemplate.class.php 第 404 行.
NOTIC: [8192] preg_replace(): The /e modifier is deprecated, use preg_replace_callback instead D:\WampServer-3.0.6\wamp64\www\sassbike\ThinkPHP\Lib\Template\ThinkTemplate.class.php 第 404 行.
NOTIC: [8192] preg_replace(): The /e modifier is deprecated, use preg_replace_callback instead D:\WampServer-3.0.6\wamp64\www\sassbike\ThinkPHP\Lib\Template\ThinkTemplate.class.php 第 404 行.
NOTIC: [8192] preg_replace(): The /e modifier is deprecated, use preg_replace_callback instead D:\WampServer-3.0.6\wamp64\www\sassbike\ThinkPHP\Lib\Template\ThinkTemplate.class.php 第 404 行.
NOTIC: [8192] preg_replace(): The /e modifier is deprecated, use preg_replace_callback instead D:\WampServer-3.0.6\wamp64\www\sassbike\ThinkPHP\Lib\Template\ThinkTemplate.class.php 第 404 行.
NOTIC: [8192] preg_replace(): The /e modifier is deprecated, use preg_replace_callback instead D:\WampServer-3.0.6\wamp64\www\sassbike\ThinkPHP\Lib\Template\ThinkTemplate.class.php 第 404 行.
NOTIC: [8192] preg_replace(): The /e modifier is deprecated, use preg_replace_callback instead D:\WampServer-3.0.6\wamp64\www\sassbike\ThinkPHP\Lib\Template\ThinkTemplate.class.php 第 404 行.
NOTIC: [8192] preg_replace(): The /e modifier is deprecated, use preg_replace_callback instead D:\WampServer-3.0.6\wamp64\www\sassbike\ThinkPHP\Lib\Template\ThinkTemplate.class.php 第 404 行.
NOTIC: [8192] preg_replace(): The /e modifier is deprecated, use preg_replace_callback instead D:\WampServer-3.0.6\wamp64\www\sassbike\ThinkPHP\Lib\Template\ThinkTemplate.class.php 第 404 行.
NOTIC: [8192] preg_replace(): The /e modifier is deprecated, use preg_replace_callback instead D:\WampServer-3.0.6\wamp64\www\sassbike\ThinkPHP\Lib\Template\ThinkTemplate.class.php 第 404 行.
NOTIC: [8192] preg_replace(): The /e modifier is deprecated, use preg_replace_callback instead D:\WampServer-3.0.6\wamp64\www\sassbike\ThinkPHP\Lib\Template\ThinkTemplate.class.php 第 404 行.
NOTIC: [8192] preg_replace(): The /e modifier is deprecated, use preg_replace_callback instead D:\WampServer-3.0.6\wamp64\www\sassbike\ThinkPHP\Lib\Template\ThinkTemplate.class.php 第 404 行.
NOTIC: [8192] preg_replace(): The /e modifier is deprecated, use preg_replace_callback instead D:\WampServer-3.0.6\wamp64\www\sassbike\ThinkPHP\Lib\Template\ThinkTemplate.class.php 第 404 行.
NOTIC: [8192] preg_replace(): The /e modifier is deprecated, use preg_replace_callback instead D:\WampServer-3.0.6\wamp64\www\sassbike\ThinkPHP\Lib\Template\ThinkTemplate.class.php 第 404 行.
NOTIC: [8192] preg_replace(): The /e modifier is deprecated, use preg_replace_callback instead D:\WampServer-3.0.6\wamp64\www\sassbike\ThinkPHP\Lib\Template\ThinkTemplate.class.php 第 404 行.
NOTIC: [8192] preg_replace(): The /e modifier is deprecated, use preg_replace_callback instead D:\WampServer-3.0.6\wamp64\www\sassbike\ThinkPHP\Lib\Template\ThinkTemplate.class.php 第 404 行.
NOTIC: [8192] preg_replace(): The /e modifier is deprecated, use preg_replace_callback instead D:\WampServer-3.0.6\wamp64\www\sassbike\ThinkPHP\Lib\Template\ThinkTemplate.class.php 第 404 行.
NOTIC: [8192] preg_replace(): The /e modifier is deprecated, use preg_replace_callback instead D:\WampServer-3.0.6\wamp64\www\sassbike\ThinkPHP\Lib\Template\ThinkTemplate.class.php 第 404 行.
NOTIC: [8192] preg_replace(): The /e modifier is deprecated, use preg_replace_callback instead D:\WampServer-3.0.6\wamp64\www\sassbike\ThinkPHP\Lib\Template\ThinkTemplate.class.php 第 404 行.
NOTIC: [8192] preg_replace(): The /e modifier is deprecated, use preg_replace_callback instead D:\WampServer-3.0.6\wamp64\www\sassbike\ThinkPHP\Lib\Template\ThinkTemplate.class.php 第 404 行.
NOTIC: [8192] preg_replace(): The /e modifier is deprecated, use preg_replace_callback instead D:\WampServer-3.0.6\wamp64\www\sassbike\ThinkPHP\Lib\Template\ThinkTemplate.class.php 第 404 行.
NOTIC: [8192] preg_replace(): The /e modifier is deprecated, use preg_replace_callback instead D:\WampServer-3.0.6\wamp64\www\sassbike\ThinkPHP\Lib\Template\ThinkTemplate.class.php 第 404 行.
NOTIC: [8192] preg_replace(): The /e modifier is deprecated, use preg_replace_callback instead D:\WampServer-3.0.6\wamp64\www\sassbike\ThinkPHP\Lib\Template\ThinkTemplate.class.php 第 404 行.
NOTIC: [8192] preg_replace(): The /e modifier is deprecated, use preg_replace_callback instead D:\WampServer-3.0.6\wamp64\www\sassbike\ThinkPHP\Lib\Template\ThinkTemplate.class.php 第 404 行.
NOTIC: [8192] preg_replace(): The /e modifier is deprecated, use preg_replace_callback instead D:\WampServer-3.0.6\wamp64\www\sassbike\ThinkPHP\Lib\Template\ThinkTemplate.class.php 第 404 行.
NOTIC: [8192] preg_replace(): The /e modifier is deprecated, use preg_replace_callback instead D:\WampServer-3.0.6\wamp64\www\sassbike\ThinkPHP\Lib\Template\ThinkTemplate.class.php 第 404 行.
NOTIC: [8192] preg_replace(): The /e modifier is deprecated, use preg_replace_callback instead D:\WampServer-3.0.6\wamp64\www\sassbike\ThinkPHP\Lib\Template\ThinkTemplate.class.php 第 404 行.
NOTIC: [8192] preg_replace(): The /e modifier is deprecated, use preg_replace_callback instead D:\WampServer-3.0.6\wamp64\www\sassbike\ThinkPHP\Lib\Template\ThinkTemplate.class.php 第 404 行.
NOTIC: [8192] preg_replace(): The /e modifier is deprecated, use preg_replace_callback instead D:\WampServer-3.0.6\wamp64\www\sassbike\ThinkPHP\Lib\Template\ThinkTemplate.class.php 第 404 行.
NOTIC: [8192] preg_replace(): The /e modifier is deprecated, use preg_replace_callback instead D:\WampServer-3.0.6\wamp64\www\sassbike\ThinkPHP\Lib\Template\ThinkTemplate.class.php 第 404 行.
NOTIC: [8192] preg_replace(): The /e modifier is deprecated, use preg_replace_callback instead D:\WampServer-3.0.6\wamp64\www\sassbike\ThinkPHP\Lib\Template\ThinkTemplate.class.php 第 404 行.
NOTIC: [8192] preg_replace(): The /e modifier is deprecated, use preg_replace_callback instead D:\WampServer-3.0.6\wamp64\www\sassbike\ThinkPHP\Lib\Template\ThinkTemplate.class.php 第 404 行.
NOTIC: [8192] preg_replace(): The /e modifier is deprecated, use preg_replace_callback instead D:\WampServer-3.0.6\wamp64\www\sassbike\ThinkPHP\Lib\Template\ThinkTemplate.class.php 第 404 行.
NOTIC: [8192] preg_replace(): The /e modifier is deprecated, use preg_replace_callback instead D:\WampServer-3.0.6\wamp64\www\sassbike\ThinkPHP\Lib\Template\ThinkTemplate.class.php 第 404 行.
NOTIC: [8192] preg_replace(): The /e modifier is deprecated, use preg_replace_callback instead D:\WampServer-3.0.6\wamp64\www\sassbike\ThinkPHP\Lib\Template\ThinkTemplate.class.php 第 404 行.
NOTIC: [8192] preg_replace(): The /e modifier is deprecated, use preg_replace_callback instead D:\WampServer-3.0.6\wamp64\www\sassbike\ThinkPHP\Lib\Template\ThinkTemplate.class.php 第 404 行.
NOTIC: [8192] preg_replace(): The /e modifier is deprecated, use preg_replace_callback instead D:\WampServer-3.0.6\wamp64\www\sassbike\ThinkPHP\Lib\Template\ThinkTemplate.class.php 第 404 行.
NOTIC: [8192] preg_replace(): The /e modifier is deprecated, use preg_replace_callback instead D:\WampServer-3.0.6\wamp64\www\sassbike\ThinkPHP\Lib\Template\ThinkTemplate.class.php 第 404 行.
NOTIC: [8192] preg_replace(): The /e modifier is deprecated, use preg_replace_callback instead D:\WampServer-3.0.6\wamp64\www\sassbike\ThinkPHP\Lib\Template\ThinkTemplate.class.php 第 404 行.
NOTIC: [8192] preg_replace(): The /e modifier is deprecated, use preg_replace_callback instead D:\WampServer-3.0.6\wamp64\www\sassbike\ThinkPHP\Lib\Template\ThinkTemplate.class.php 第 404 行.
NOTIC: [8192] preg_replace(): The /e modifier is deprecated, use preg_replace_callback instead D:\WampServer-3.0.6\wamp64\www\sassbike\ThinkPHP\Lib\Template\ThinkTemplate.class.php 第 404 行.
NOTIC: [8192] preg_replace(): The /e modifier is deprecated, use preg_replace_callback instead D:\WampServer-3.0.6\wamp64\www\sassbike\ThinkPHP\Lib\Template\ThinkTemplate.class.php 第 404 行.
NOTIC: [8192] preg_replace(): The /e modifier is deprecated, use preg_replace_callback instead D:\WampServer-3.0.6\wamp64\www\sassbike\ThinkPHP\Lib\Template\ThinkTemplate.class.php 第 404 行.
NOTIC: [8192] preg_replace(): The /e modifier is deprecated, use preg_replace_callback instead D:\WampServer-3.0.6\wamp64\www\sassbike\ThinkPHP\Lib\Template\ThinkTemplate.class.php 第 404 行.
NOTIC: [8192] preg_replace(): The /e modifier is deprecated, use preg_replace_callback instead D:\WampServer-3.0.6\wamp64\www\sassbike\ThinkPHP\Lib\Template\ThinkTemplate.class.php 第 404 行.
NOTIC: [8192] preg_replace(): The /e modifier is deprecated, use preg_replace_callback instead D:\WampServer-3.0.6\wamp64\www\sassbike\ThinkPHP\Lib\Template\ThinkTemplate.class.php 第 404 行.
NOTIC: [8192] preg_replace(): The /e modifier is deprecated, use preg_replace_callback instead D:\WampServer-3.0.6\wamp64\www\sassbike\ThinkPHP\Lib\Template\ThinkTemplate.class.php 第 404 行.
NOTIC: [8192] preg_replace(): The /e modifier is deprecated, use preg_replace_callback instead D:\WampServer-3.0.6\wamp64\www\sassbike\ThinkPHP\Lib\Template\ThinkTemplate.class.php 第 404 行.
NOTIC: [8192] preg_replace(): The /e modifier is deprecated, use preg_replace_callback instead D:\WampServer-3.0.6\wamp64\www\sassbike\ThinkPHP\Lib\Template\ThinkTemplate.class.php 第 404 行.
NOTIC: [8192] preg_replace(): The /e modifier is deprecated, use preg_replace_callback instead D:\WampServer-3.0.6\wamp64\www\sassbike\ThinkPHP\Lib\Template\ThinkTemplate.class.php 第 404 行.
NOTIC: [8192] preg_replace(): The /e modifier is deprecated, use preg_replace_callback instead D:\WampServer-3.0.6\wamp64\www\sassbike\ThinkPHP\Lib\Template\ThinkTemplate.class.php 第 404 行.
NOTIC: [8192] preg_replace(): The /e modifier is deprecated, use preg_replace_callback instead D:\WampServer-3.0.6\wamp64\www\sassbike\ThinkPHP\Lib\Template\ThinkTemplate.class.php 第 404 行.
NOTIC: [8192] preg_replace(): The /e modifier is deprecated, use preg_replace_callback instead D:\WampServer-3.0.6\wamp64\www\sassbike\ThinkPHP\Lib\Template\ThinkTemplate.class.php 第 404 行.
NOTIC: [8192] preg_replace(): The /e modifier is deprecated, use preg_replace_callback instead D:\WampServer-3.0.6\wamp64\www\sassbike\ThinkPHP\Lib\Template\ThinkTemplate.class.php 第 404 行.
NOTIC: [8192] preg_replace(): The /e modifier is deprecated, use preg_replace_callback instead D:\WampServer-3.0.6\wamp64\www\sassbike\ThinkPHP\Lib\Template\ThinkTemplate.class.php 第 404 行.
NOTIC: [8192] preg_replace(): The /e modifier is deprecated, use preg_replace_callback instead D:\WampServer-3.0.6\wamp64\www\sassbike\ThinkPHP\Lib\Template\ThinkTemplate.class.php 第 399 行.
NOTIC: [8192] preg_replace(): The /e modifier is deprecated, use preg_replace_callback instead D:\WampServer-3.0.6\wamp64\www\sassbike\ThinkPHP\Lib\Template\ThinkTemplate.class.php 第 399 行.
NOTIC: [8192] preg_replace(): The /e modifier is deprecated, use preg_replace_callback instead D:\WampServer-3.0.6\wamp64\www\sassbike\ThinkPHP\Lib\Template\ThinkTemplate.class.php 第 399 行.
NOTIC: [8192] preg_replace(): The /e modifier is deprecated, use preg_replace_callback instead D:\WampServer-3.0.6\wamp64\www\sassbike\ThinkPHP\Lib\Template\ThinkTemplate.class.php 第 399 行.
NOTIC: [8192] preg_replace(): The /e modifier is deprecated, use preg_replace_callback instead D:\WampServer-3.0.6\wamp64\www\sassbike\ThinkPHP\Lib\Template\ThinkTemplate.class.php 第 399 行.
NOTIC: [8192] preg_replace(): The /e modifier is deprecated, use preg_replace_callback instead D:\WampServer-3.0.6\wamp64\www\sassbike\ThinkPHP\Lib\Template\ThinkTemplate.class.php 第 399 行.
NOTIC: [8192] preg_replace(): The /e modifier is deprecated, use preg_replace_callback instead D:\WampServer-3.0.6\wamp64\www\sassbike\ThinkPHP\Lib\Template\ThinkTemplate.class.php 第 404 行.
NOTIC: [8192] preg_replace(): The /e modifier is deprecated, use preg_replace_callback instead D:\WampServer-3.0.6\wamp64\www\sassbike\ThinkPHP\Lib\Template\ThinkTemplate.class.php 第 404 行.
NOTIC: [8192] preg_replace(): The /e modifier is deprecated, use preg_replace_callback instead D:\WampServer-3.0.6\wamp64\www\sassbike\ThinkPHP\Lib\Template\ThinkTemplate.class.php 第 404 行.
NOTIC: [8192] preg_replace(): The /e modifier is deprecated, use preg_replace_callback instead D:\WampServer-3.0.6\wamp64\www\sassbike\ThinkPHP\Lib\Template\ThinkTemplate.class.php 第 197 行.
NOTIC: [8192] preg_replace(): The /e modifier is deprecated, use preg_replace_callback instead D:\WampServer-3.0.6\wamp64\www\sassbike\ThinkPHP\Lib\Template\ThinkTemplate.class.php 第 404 行.
NOTIC: [8192] preg_replace(): The /e modifier is deprecated, use preg_replace_callback instead D:\WampServer-3.0.6\wamp64\www\sassbike\ThinkPHP\Lib\Template\ThinkTemplate.class.php 第 404 行.
NOTIC: [8192] preg_replace(): The /e modifier is deprecated, use preg_replace_callback instead D:\WampServer-3.0.6\wamp64\www\sassbike\ThinkPHP\Lib\Template\ThinkTemplate.class.php 第 404 行.
NOTIC: [8192] preg_replace(): The /e modifier is deprecated, use preg_replace_callback instead D:\WampServer-3.0.6\wamp64\www\sassbike\ThinkPHP\Lib\Template\ThinkTemplate.class.php 第 404 行.
NOTIC: [8192] preg_replace(): The /e modifier is deprecated, use preg_replace_callback instead D:\WampServer-3.0.6\wamp64\www\sassbike\ThinkPHP\Lib\Template\ThinkTemplate.class.php 第 404 行.
NOTIC: [8192] preg_replace(): The /e modifier is deprecated, use preg_replace_callback instead D:\WampServer-3.0.6\wamp64\www\sassbike\ThinkPHP\Lib\Template\ThinkTemplate.class.php 第 404 行.
NOTIC: [8192] preg_replace(): The /e modifier is deprecated, use preg_replace_callback instead D:\WampServer-3.0.6\wamp64\www\sassbike\ThinkPHP\Lib\Template\ThinkTemplate.class.php 第 399 行.
NOTIC: [8192] preg_replace(): The /e modifier is deprecated, use preg_replace_callback instead D:\WampServer-3.0.6\wamp64\www\sassbike\ThinkPHP\Lib\Template\ThinkTemplate.class.php 第 399 行.
NOTIC: [8192] preg_replace(): The /e modifier is deprecated, use preg_replace_callback instead D:\WampServer-3.0.6\wamp64\www\sassbike\ThinkPHP\Lib\Template\ThinkTemplate.class.php 第 404 行.
NOTIC: [8192] preg_replace(): The /e modifier is deprecated, use preg_replace_callback instead D:\WampServer-3.0.6\wamp64\www\sassbike\ThinkPHP\Lib\Template\ThinkTemplate.class.php 第 404 行.
NOTIC: [8192] preg_replace(): The /e modifier is deprecated, use preg_replace_callback instead D:\WampServer-3.0.6\wamp64\www\sassbike\ThinkPHP\Lib\Template\ThinkTemplate.class.php 第 404 行.
NOTIC: [8192] preg_replace(): The /e modifier is deprecated, use preg_replace_callback instead D:\WampServer-3.0.6\wamp64\www\sassbike\ThinkPHP\Lib\Template\ThinkTemplate.class.php 第 399 行.
NOTIC: [8192] preg_replace(): The /e modifier is deprecated, use preg_replace_callback instead D:\WampServer-3.0.6\wamp64\www\sassbike\ThinkPHP\Lib\Template\ThinkTemplate.class.php 第 404 行.
NOTIC: [8192] preg_replace(): The /e modifier is deprecated, use preg_replace_callback instead D:\WampServer-3.0.6\wamp64\www\sassbike\ThinkPHP\Lib\Template\ThinkTemplate.class.php 第 404 行.
NOTIC: [8192] preg_replace(): The /e modifier is deprecated, use preg_replace_callback instead D:\WampServer-3.0.6\wamp64\www\sassbike\ThinkPHP\Lib\Template\ThinkTemplate.class.php 第 404 行.
NOTIC: [8192] preg_replace(): The /e modifier is deprecated, use preg_replace_callback instead D:\WampServer-3.0.6\wamp64\www\sassbike\ThinkPHP\Lib\Template\ThinkTemplate.class.php 第 404 行.
NOTIC: [8192] preg_replace(): The /e modifier is deprecated, use preg_replace_callback instead D:\WampServer-3.0.6\wamp64\www\sassbike\ThinkPHP\Lib\Template\ThinkTemplate.class.php 第 404 行.
NOTIC: [8192] preg_replace(): The /e modifier is deprecated, use preg_replace_callback instead D:\WampServer-3.0.6\wamp64\www\sassbike\ThinkPHP\Lib\Template\ThinkTemplate.class.php 第 404 行.
NOTIC: [8192] preg_replace(): The /e modifier is deprecated, use preg_replace_callback instead D:\WampServer-3.0.6\wamp64\www\sassbike\ThinkPHP\Lib\Template\ThinkTemplate.class.php 第 404 行.
NOTIC: [8192] preg_replace(): The /e modifier is deprecated, use preg_replace_callback instead D:\WampServer-3.0.6\wamp64\www\sassbike\ThinkPHP\Lib\Template\ThinkTemplate.class.php 第 404 行.
NOTIC: [8192] preg_replace(): The /e modifier is deprecated, use preg_replace_callback instead D:\WampServer-3.0.6\wamp64\www\sassbike\ThinkPHP\Lib\Template\ThinkTemplate.class.php 第 404 行.
NOTIC: [8192] preg_replace(): The /e modifier is deprecated, use preg_replace_callback instead D:\WampServer-3.0.6\wamp64\www\sassbike\ThinkPHP\Lib\Template\ThinkTemplate.class.php 第 404 行.
NOTIC: [8192] preg_replace(): The /e modifier is deprecated, use preg_replace_callback instead D:\WampServer-3.0.6\wamp64\www\sassbike\ThinkPHP\Lib\Template\ThinkTemplate.class.php 第 404 行.
NOTIC: [8192] preg_replace(): The /e modifier is deprecated, use preg_replace_callback instead D:\WampServer-3.0.6\wamp64\www\sassbike\ThinkPHP\Lib\Template\ThinkTemplate.class.php 第 404 行.
NOTIC: [8192] preg_replace(): The /e modifier is deprecated, use preg_replace_callback instead D:\WampServer-3.0.6\wamp64\www\sassbike\ThinkPHP\Lib\Template\ThinkTemplate.class.php 第 404 行.
NOTIC: [8192] preg_replace(): The /e modifier is deprecated, use preg_replace_callback instead D:\WampServer-3.0.6\wamp64\www\sassbike\ThinkPHP\Lib\Template\ThinkTemplate.class.php 第 404 行.
NOTIC: [8192] preg_replace(): The /e modifier is deprecated, use preg_replace_callback instead D:\WampServer-3.0.6\wamp64\www\sassbike\ThinkPHP\Lib\Template\ThinkTemplate.class.php 第 404 行.
NOTIC: [8192] preg_replace(): The /e modifier is deprecated, use preg_replace_callback instead D:\WampServer-3.0.6\wamp64\www\sassbike\ThinkPHP\Lib\Template\ThinkTemplate.class.php 第 404 行.
NOTIC: [8192] preg_replace(): The /e modifier is deprecated, use preg_replace_callback instead D:\WampServer-3.0.6\wamp64\www\sassbike\ThinkPHP\Lib\Template\ThinkTemplate.class.php 第 404 行.
NOTIC: [8192] preg_replace(): The /e modifier is deprecated, use preg_replace_callback instead D:\WampServer-3.0.6\wamp64\www\sassbike\ThinkPHP\Lib\Template\ThinkTemplate.class.php 第 404 行.
NOTIC: [8192] preg_replace(): The /e modifier is deprecated, use preg_replace_callback instead D:\WampServer-3.0.6\wamp64\www\sassbike\ThinkPHP\Lib\Template\ThinkTemplate.class.php 第 404 行.
NOTIC: [8192] preg_replace(): The /e modifier is deprecated, use preg_replace_callback instead D:\WampServer-3.0.6\wamp64\www\sassbike\ThinkPHP\Lib\Template\ThinkTemplate.class.php 第 404 行.
NOTIC: [8192] preg_replace(): The /e modifier is deprecated, use preg_replace_callback instead D:\WampServer-3.0.6\wamp64\www\sassbike\ThinkPHP\Lib\Template\ThinkTemplate.class.php 第 404 行.
NOTIC: [8192] preg_replace(): The /e modifier is deprecated, use preg_replace_callback instead D:\WampServer-3.0.6\wamp64\www\sassbike\ThinkPHP\Lib\Template\ThinkTemplate.class.php 第 404 行.
NOTIC: [8192] preg_replace(): The /e modifier is deprecated, use preg_replace_callback instead D:\WampServer-3.0.6\wamp64\www\sassbike\ThinkPHP\Lib\Template\ThinkTemplate.class.php 第 404 行.
NOTIC: [8192] preg_replace(): The /e modifier is deprecated, use preg_replace_callback instead D:\WampServer-3.0.6\wamp64\www\sassbike\ThinkPHP\Lib\Template\ThinkTemplate.class.php 第 404 行.
NOTIC: [8192] preg_replace(): The /e modifier is deprecated, use preg_replace_callback instead D:\WampServer-3.0.6\wamp64\www\sassbike\ThinkPHP\Lib\Template\ThinkTemplate.class.php 第 404 行.
NOTIC: [8192] preg_replace(): The /e modifier is deprecated, use preg_replace_callback instead D:\WampServer-3.0.6\wamp64\www\sassbike\ThinkPHP\Lib\Template\ThinkTemplate.class.php 第 404 行.
NOTIC: [8192] preg_replace(): The /e modifier is deprecated, use preg_replace_callback instead D:\WampServer-3.0.6\wamp64\www\sassbike\ThinkPHP\Lib\Template\ThinkTemplate.class.php 第 404 行.
NOTIC: [8192] preg_replace(): The /e modifier is deprecated, use preg_replace_callback instead D:\WampServer-3.0.6\wamp64\www\sassbike\ThinkPHP\Lib\Template\ThinkTemplate.class.php 第 404 行.
NOTIC: [8192] preg_replace(): The /e modifier is deprecated, use preg_replace_callback instead D:\WampServer-3.0.6\wamp64\www\sassbike\ThinkPHP\Lib\Template\ThinkTemplate.class.php 第 404 行.
NOTIC: [8192] preg_replace(): The /e modifier is deprecated, use preg_replace_callback instead D:\WampServer-3.0.6\wamp64\www\sassbike\ThinkPHP\Lib\Template\ThinkTemplate.class.php 第 404 行.
NOTIC: [8192] preg_replace(): The /e modifier is deprecated, use preg_replace_callback instead D:\WampServer-3.0.6\wamp64\www\sassbike\ThinkPHP\Lib\Template\ThinkTemplate.class.php 第 404 行.
NOTIC: [8192] preg_replace(): The /e modifier is deprecated, use preg_replace_callback instead D:\WampServer-3.0.6\wamp64\www\sassbike\ThinkPHP\Lib\Template\ThinkTemplate.class.php 第 404 行.
NOTIC: [8192] preg_replace(): The /e modifier is deprecated, use preg_replace_callback instead D:\WampServer-3.0.6\wamp64\www\sassbike\ThinkPHP\Lib\Template\ThinkTemplate.class.php 第 404 行.
NOTIC: [8192] preg_replace(): The /e modifier is deprecated, use preg_replace_callback instead D:\WampServer-3.0.6\wamp64\www\sassbike\ThinkPHP\Lib\Template\ThinkTemplate.class.php 第 404 行.
NOTIC: [8192] preg_replace(): The /e modifier is deprecated, use preg_replace_callback instead D:\WampServer-3.0.6\wamp64\www\sassbike\ThinkPHP\Lib\Template\ThinkTemplate.class.php 第 404 行.
NOTIC: [8192] preg_replace(): The /e modifier is deprecated, use preg_replace_callback instead D:\WampServer-3.0.6\wamp64\www\sassbike\ThinkPHP\Lib\Template\ThinkTemplate.class.php 第 404 行.
NOTIC: [8192] preg_replace(): The /e modifier is deprecated, use preg_replace_callback instead D:\WampServer-3.0.6\wamp64\www\sassbike\ThinkPHP\Lib\Template\ThinkTemplate.class.php 第 404 行.
NOTIC: [8192] preg_replace(): The /e modifier is deprecated, use preg_replace_callback instead D:\WampServer-3.0.6\wamp64\www\sassbike\ThinkPHP\Lib\Template\ThinkTemplate.class.php 第 404 行.
NOTIC: [8192] preg_replace(): The /e modifier is deprecated, use preg_replace_callback instead D:\WampServer-3.0.6\wamp64\www\sassbike\ThinkPHP\Lib\Template\ThinkTemplate.class.php 第 404 行.
NOTIC: [8192] preg_replace(): The /e modifier is deprecated, use preg_replace_callback instead D:\WampServer-3.0.6\wamp64\www\sassbike\ThinkPHP\Lib\Template\ThinkTemplate.class.php 第 404 行.
NOTIC: [8192] preg_replace(): The /e modifier is deprecated, use preg_replace_callback instead D:\WampServer-3.0.6\wamp64\www\sassbike\ThinkPHP\Lib\Template\ThinkTemplate.class.php 第 404 行.
NOTIC: [8192] preg_replace(): The /e modifier is deprecated, use preg_replace_callback instead D:\WampServer-3.0.6\wamp64\www\sassbike\ThinkPHP\Lib\Template\ThinkTemplate.class.php 第 404 行.
NOTIC: [8192] preg_replace(): The /e modifier is deprecated, use preg_replace_callback instead D:\WampServer-3.0.6\wamp64\www\sassbike\ThinkPHP\Lib\Template\ThinkTemplate.class.php 第 404 行.
NOTIC: [8192] preg_replace(): The /e modifier is deprecated, use preg_replace_callback instead D:\WampServer-3.0.6\wamp64\www\sassbike\ThinkPHP\Lib\Template\ThinkTemplate.class.php 第 404 行.
NOTIC: [8192] preg_replace(): The /e modifier is deprecated, use preg_replace_callback instead D:\WampServer-3.0.6\wamp64\www\sassbike\ThinkPHP\Lib\Template\ThinkTemplate.class.php 第 404 行.
NOTIC: [8192] preg_replace(): The /e modifier is deprecated, use preg_replace_callback instead D:\WampServer-3.0.6\wamp64\www\sassbike\ThinkPHP\Lib\Template\ThinkTemplate.class.php 第 404 行.
NOTIC: [8192] preg_replace(): The /e modifier is deprecated, use preg_replace_callback instead D:\WampServer-3.0.6\wamp64\www\sassbike\ThinkPHP\Lib\Template\ThinkTemplate.class.php 第 404 行.
NOTIC: [8192] preg_replace(): The /e modifier is deprecated, use preg_replace_callback instead D:\WampServer-3.0.6\wamp64\www\sassbike\ThinkPHP\Lib\Template\ThinkTemplate.class.php 第 404 行.
NOTIC: [8192] preg_replace(): The /e modifier is deprecated, use preg_replace_callback instead D:\WampServer-3.0.6\wamp64\www\sassbike\ThinkPHP\Lib\Template\ThinkTemplate.class.php 第 404 行.
NOTIC: [8192] preg_replace(): The /e modifier is deprecated, use preg_replace_callback instead D:\WampServer-3.0.6\wamp64\www\sassbike\ThinkPHP\Lib\Template\ThinkTemplate.class.php 第 404 行.
NOTIC: [8192] preg_replace(): The /e modifier is deprecated, use preg_replace_callback instead D:\WampServer-3.0.6\wamp64\www\sassbike\ThinkPHP\Lib\Template\ThinkTemplate.class.php 第 404 行.
NOTIC: [8192] preg_replace(): The /e modifier is deprecated, use preg_replace_callback instead D:\WampServer-3.0.6\wamp64\www\sassbike\ThinkPHP\Lib\Template\ThinkTemplate.class.php 第 404 行.
NOTIC: [8192] preg_replace(): The /e modifier is deprecated, use preg_replace_callback instead D:\WampServer-3.0.6\wamp64\www\sassbike\ThinkPHP\Lib\Template\ThinkTemplate.class.php 第 404 行.
NOTIC: [8192] preg_replace(): The /e modifier is deprecated, use preg_replace_callback instead D:\WampServer-3.0.6\wamp64\www\sassbike\ThinkPHP\Lib\Template\ThinkTemplate.class.php 第 404 行.
NOTIC: [8192] preg_replace(): The /e modifier is deprecated, use preg_replace_callback instead D:\WampServer-3.0.6\wamp64\www\sassbike\ThinkPHP\Lib\Template\ThinkTemplate.class.php 第 404 行.
NOTIC: [8192] preg_replace(): The /e modifier is deprecated, use preg_replace_callback instead D:\WampServer-3.0.6\wamp64\www\sassbike\ThinkPHP\Lib\Template\ThinkTemplate.class.php 第 404 行.
NOTIC: [8192] preg_replace(): The /e modifier is deprecated, use preg_replace_callback instead D:\WampServer-3.0.6\wamp64\www\sassbike\ThinkPHP\Lib\Template\ThinkTemplate.class.php 第 404 行.
NOTIC: [8192] preg_replace(): The /e modifier is deprecated, use preg_replace_callback instead D:\WampServer-3.0.6\wamp64\www\sassbike\ThinkPHP\Lib\Template\ThinkTemplate.class.php 第 404 行.
NOTIC: [8192] preg_replace(): The /e modifier is deprecated, use preg_replace_callback instead D:\WampServer-3.0.6\wamp64\www\sassbike\ThinkPHP\Lib\Template\ThinkTemplate.class.php 第 404 行.
NOTIC: [8192] preg_replace(): The /e modifier is deprecated, use preg_replace_callback instead D:\WampServer-3.0.6\wamp64\www\sassbike\ThinkPHP\Lib\Template\ThinkTemplate.class.php 第 404 行.
NOTIC: [8192] preg_replace(): The /e modifier is deprecated, use preg_replace_callback instead D:\WampServer-3.0.6\wamp64\www\sassbike\ThinkPHP\Lib\Template\ThinkTemplate.class.php 第 404 行.
NOTIC: [8192] preg_replace(): The /e modifier is deprecated, use preg_replace_callback instead D:\WampServer-3.0.6\wamp64\www\sassbike\ThinkPHP\Lib\Template\ThinkTemplate.class.php 第 404 行.
NOTIC: [8192] preg_replace(): The /e modifier is deprecated, use preg_replace_callback instead D:\WampServer-3.0.6\wamp64\www\sassbike\ThinkPHP\Lib\Template\ThinkTemplate.class.php 第 404 行.
NOTIC: [8192] preg_replace(): The /e modifier is deprecated, use preg_replace_callback instead D:\WampServer-3.0.6\wamp64\www\sassbike\ThinkPHP\Lib\Template\ThinkTemplate.class.php 第 404 行.
NOTIC: [8192] preg_replace(): The /e modifier is deprecated, use preg_replace_callback instead D:\WampServer-3.0.6\wamp64\www\sassbike\ThinkPHP\Lib\Template\ThinkTemplate.class.php 第 404 行.
NOTIC: [8192] preg_replace(): The /e modifier is deprecated, use preg_replace_callback instead D:\WampServer-3.0.6\wamp64\www\sassbike\ThinkPHP\Lib\Template\ThinkTemplate.class.php 第 404 行.
NOTIC: [8192] preg_replace(): The /e modifier is deprecated, use preg_replace_callback instead D:\WampServer-3.0.6\wamp64\www\sassbike\ThinkPHP\Lib\Template\ThinkTemplate.class.php 第 399 行.
NOTIC: [8192] preg_replace(): The /e modifier is deprecated, use preg_replace_callback instead D:\WampServer-3.0.6\wamp64\www\sassbike\ThinkPHP\Lib\Template\ThinkTemplate.class.php 第 399 行.
NOTIC: [8192] preg_replace(): The /e modifier is deprecated, use preg_replace_callback instead D:\WampServer-3.0.6\wamp64\www\sassbike\ThinkPHP\Lib\Template\ThinkTemplate.class.php 第 399 行.
NOTIC: [8192] preg_replace(): The /e modifier is deprecated, use preg_replace_callback instead D:\WampServer-3.0.6\wamp64\www\sassbike\ThinkPHP\Lib\Template\ThinkTemplate.class.php 第 399 行.
NOTIC: [8192] preg_replace(): The /e modifier is deprecated, use preg_replace_callback instead D:\WampServer-3.0.6\wamp64\www\sassbike\ThinkPHP\Lib\Template\ThinkTemplate.class.php 第 399 行.
NOTIC: [8192] preg_replace(): The /e modifier is deprecated, use preg_replace_callback instead D:\WampServer-3.0.6\wamp64\www\sassbike\ThinkPHP\Lib\Template\ThinkTemplate.class.php 第 399 行.
NOTIC: [8192] preg_replace(): The /e modifier is deprecated, use preg_replace_callback instead D:\WampServer-3.0.6\wamp64\www\sassbike\ThinkPHP\Lib\Template\ThinkTemplate.class.php 第 404 行.
NOTIC: [8192] preg_replace(): The /e modifier is deprecated, use preg_replace_callback instead D:\WampServer-3.0.6\wamp64\www\sassbike\ThinkPHP\Lib\Template\ThinkTemplate.class.php 第 404 行.
NOTIC: [8192] preg_replace(): The /e modifier is deprecated, use preg_replace_callback instead D:\WampServer-3.0.6\wamp64\www\sassbike\ThinkPHP\Lib\Template\ThinkTemplate.class.php 第 404 行.
NOTIC: [8192] preg_replace(): The /e modifier is deprecated, use preg_replace_callback instead D:\WampServer-3.0.6\wamp64\www\sassbike\ThinkPHP\Lib\Template\ThinkTemplate.class.php 第 197 行.
NOTIC: [8192] preg_replace(): The /e modifier is deprecated, use preg_replace_callback instead D:\WampServer-3.0.6\wamp64\www\sassbike\ThinkPHP\Lib\Template\ThinkTemplate.class.php 第 137 行.
NOTIC: [8] Use of undefined constant offerState - assumed 'offerState' D:\WampServer-3.0.6\wamp64\www\sassbike\Home\Runtime\Cache\989fc394f91c04ac6ecbc0d04a8d833c.php 第 100 行.
NOTIC: [2] Illegal string offset 'offerState' D:\WampServer-3.0.6\wamp64\www\sassbike\Home\Runtime\Cache\989fc394f91c04ac6ecbc0d04a8d833c.php 第 100 行.
NOTIC: [8] Use of undefined constant offerState - assumed 'offerState' D:\WampServer-3.0.6\wamp64\www\sassbike\Home\Runtime\Cache\989fc394f91c04ac6ecbc0d04a8d833c.php 第 100 行.
NOTIC: [2] Illegal string offset 'offerState' D:\WampServer-3.0.6\wamp64\www\sassbike\Home\Runtime\Cache\989fc394f91c04ac6ecbc0d04a8d833c.php 第 100 行.
NOTIC: [8] Use of undefined constant offerState - assumed 'offerState' D:\WampServer-3.0.6\wamp64\www\sassbike\Home\Runtime\Cache\989fc394f91c04ac6ecbc0d04a8d833c.php 第 100 行.
NOTIC: [2] Illegal string offset 'offerState' D:\WampServer-3.0.6\wamp64\www\sassbike\Home\Runtime\Cache\989fc394f91c04ac6ecbc0d04a8d833c.php 第 100 行.
NOTIC: [8] Undefined index:  D:\WampServer-3.0.6\wamp64\www\sassbike\Home\Runtime\Cache\989fc394f91c04ac6ecbc0d04a8d833c.php 第 100 行.
NOTIC: [8] Use of undefined constant offerState - assumed 'offerState' D:\WampServer-3.0.6\wamp64\www\sassbike\Home\Runtime\Cache\989fc394f91c04ac6ecbc0d04a8d833c.php 第 100 行.
NOTIC: [2] Illegal string offset 'offerState' D:\WampServer-3.0.6\wamp64\www\sassbike\Home\Runtime\Cache\989fc394f91c04ac6ecbc0d04a8d833c.php 第 100 行.
NOTIC: [8] Undefined index:  D:\WampServer-3.0.6\wamp64\www\sassbike\Home\Runtime\Cache\989fc394f91c04ac6ecbc0d04a8d833c.php 第 100 行.
NOTIC: [8] Use of undefined constant offerState - assumed 'offerState' D:\WampServer-3.0.6\wamp64\www\sassbike\Home\Runtime\Cache\989fc394f91c04ac6ecbc0d04a8d833c.php 第 100 行.
NOTIC: [2] Illegal string offset 'offerState' D:\WampServer-3.0.6\wamp64\www\sassbike\Home\Runtime\Cache\989fc394f91c04ac6ecbc0d04a8d833c.php 第 100 行.
NOTIC: [8] Undefined index: b D:\WampServer-3.0.6\wamp64\www\sassbike\Home\Runtime\Cache\989fc394f91c04ac6ecbc0d04a8d833c.php 第 100 行.
NOTIC: [8] Use of undefined constant offerState - assumed 'offerState' D:\WampServer-3.0.6\wamp64\www\sassbike\Home\Runtime\Cache\989fc394f91c04ac6ecbc0d04a8d833c.php 第 100 行.
NOTIC: [2] Illegal string offset 'offerState' D:\WampServer-3.0.6\wamp64\www\sassbike\Home\Runtime\Cache\989fc394f91c04ac6ecbc0d04a8d833c.php 第 100 行.
NOTIC: [8] Undefined index: m D:\WampServer-3.0.6\wamp64\www\sassbike\Home\Runtime\Cache\989fc394f91c04ac6ecbc0d04a8d833c.php 第 100 行.
NOTIC: [8] Use of undefined constant offerState - assumed 'offerState' D:\WampServer-3.0.6\wamp64\www\sassbike\Home\Runtime\Cache\989fc394f91c04ac6ecbc0d04a8d833c.php 第 100 行.
NOTIC: [2] Illegal string offset 'offerState' D:\WampServer-3.0.6\wamp64\www\sassbike\Home\Runtime\Cache\989fc394f91c04ac6ecbc0d04a8d833c.php 第 100 行.
NOTIC: [8] Undefined offset: 5 D:\WampServer-3.0.6\wamp64\www\sassbike\Home\Runtime\Cache\989fc394f91c04ac6ecbc0d04a8d833c.php 第 100 行.
NOTIC: [8] Use of undefined constant offerState - assumed 'offerState' D:\WampServer-3.0.6\wamp64\www\sassbike\Home\Runtime\Cache\989fc394f91c04ac6ecbc0d04a8d833c.php 第 100 行.
NOTIC: [2] Illegal string offset 'offerState' D:\WampServer-3.0.6\wamp64\www\sassbike\Home\Runtime\Cache\989fc394f91c04ac6ecbc0d04a8d833c.php 第 100 行.
NOTIC: [8] Use of undefined constant offerState - assumed 'offerState' D:\WampServer-3.0.6\wamp64\www\sassbike\Home\Runtime\Cache\989fc394f91c04ac6ecbc0d04a8d833c.php 第 100 行.
NOTIC: [2] Illegal string offset 'offerState' D:\WampServer-3.0.6\wamp64\www\sassbike\Home\Runtime\Cache\989fc394f91c04ac6ecbc0d04a8d833c.php 第 100 行.
NOTIC: [8] Undefined index:  D:\WampServer-3.0.6\wamp64\www\sassbike\Home\Runtime\Cache\989fc394f91c04ac6ecbc0d04a8d833c.php 第 100 行.
NOTIC: [8] Use of undefined constant offerState - assumed 'offerState' D:\WampServer-3.0.6\wamp64\www\sassbike\Home\Runtime\Cache\989fc394f91c04ac6ecbc0d04a8d833c.php 第 100 行.
NOTIC: [2] Illegal string offset 'offerState' D:\WampServer-3.0.6\wamp64\www\sassbike\Home\Runtime\Cache\989fc394f91c04ac6ecbc0d04a8d833c.php 第 100 行.
NOTIC: [8] Use of undefined constant offerState - assumed 'offerState' D:\WampServer-3.0.6\wamp64\www\sassbike\Home\Runtime\Cache\989fc394f91c04ac6ecbc0d04a8d833c.php 第 100 行.
NOTIC: [2] Illegal string offset 'offerState' D:\WampServer-3.0.6\wamp64\www\sassbike\Home\Runtime\Cache\989fc394f91c04ac6ecbc0d04a8d833c.php 第 100 行.
NOTIC: [8] Use of undefined constant offerState - assumed 'offerState' D:\WampServer-3.0.6\wamp64\www\sassbike\Home\Runtime\Cache\989fc394f91c04ac6ecbc0d04a8d833c.php 第 100 行.
NOTIC: [2] Illegal string offset 'offerState' D:\WampServer-3.0.6\wamp64\www\sassbike\Home\Runtime\Cache\989fc394f91c04ac6ecbc0d04a8d833c.php 第 100 行.
NOTIC: [8] Undefined index: . D:\WampServer-3.0.6\wamp64\www\sassbike\Home\Runtime\Cache\989fc394f91c04ac6ecbc0d04a8d833c.php 第 100 行.
NOTIC: [8] Use of undefined constant offerState - assumed 'offerState' D:\WampServer-3.0.6\wamp64\www\sassbike\Home\Runtime\Cache\989fc394f91c04ac6ecbc0d04a8d833c.php 第 100 行.
NOTIC: [2] Illegal string offset 'offerState' D:\WampServer-3.0.6\wamp64\www\sassbike\Home\Runtime\Cache\989fc394f91c04ac6ecbc0d04a8d833c.php 第 100 行.
NOTIC: [8] Use of undefined constant offerState - assumed 'offerState' D:\WampServer-3.0.6\wamp64\www\sassbike\Home\Runtime\Cache\989fc394f91c04ac6ecbc0d04a8d833c.php 第 100 行.
NOTIC: [2] Illegal string offset 'offerState' D:\WampServer-3.0.6\wamp64\www\sassbike\Home\Runtime\Cache\989fc394f91c04ac6ecbc0d04a8d833c.php 第 100 行.
NOTIC: [8] Use of undefined constant offerState - assumed 'offerState' D:\WampServer-3.0.6\wamp64\www\sassbike\Home\Runtime\Cache\989fc394f91c04ac6ecbc0d04a8d833c.php 第 100 行.
NOTIC: [2] Illegal string offset 'offerState' D:\WampServer-3.0.6\wamp64\www\sassbike\Home\Runtime\Cache\989fc394f91c04ac6ecbc0d04a8d833c.php 第 100 行.
NOTIC: [8] Use of undefined constant offerState - assumed 'offerState' D:\WampServer-3.0.6\wamp64\www\sassbike\Home\Runtime\Cache\989fc394f91c04ac6ecbc0d04a8d833c.php 第 100 行.
NOTIC: [2] Illegal string offset 'offerState' D:\WampServer-3.0.6\wamp64\www\sassbike\Home\Runtime\Cache\989fc394f91c04ac6ecbc0d04a8d833c.php 第 100 行.
NOTIC: [8] Use of undefined constant offerState - assumed 'offerState' D:\WampServer-3.0.6\wamp64\www\sassbike\Home\Runtime\Cache\989fc394f91c04ac6ecbc0d04a8d833c.php 第 100 行.
NOTIC: [2] Illegal string offset 'offerState' D:\WampServer-3.0.6\wamp64\www\sassbike\Home\Runtime\Cache\989fc394f91c04ac6ecbc0d04a8d833c.php 第 100 行.
NOTIC: [8] Undefined index:  D:\WampServer-3.0.6\wamp64\www\sassbike\Home\Runtime\Cache\989fc394f91c04ac6ecbc0d04a8d833c.php 第 100 行.
NOTIC: [8] Use of undefined constant offerState - assumed 'offerState' D:\WampServer-3.0.6\wamp64\www\sassbike\Home\Runtime\Cache\989fc394f91c04ac6ecbc0d04a8d833c.php 第 100 行.
NOTIC: [2] Illegal string offset 'offerState' D:\WampServer-3.0.6\wamp64\www\sassbike\Home\Runtime\Cache\989fc394f91c04ac6ecbc0d04a8d833c.php 第 100 行.
NOTIC: [8] Undefined index:  D:\WampServer-3.0.6\wamp64\www\sassbike\Home\Runtime\Cache\989fc394f91c04ac6ecbc0d04a8d833c.php 第 100 行.
NOTIC: [8] Use of undefined constant offerState - assumed 'offerState' D:\WampServer-3.0.6\wamp64\www\sassbike\Home\Runtime\Cache\989fc394f91c04ac6ecbc0d04a8d833c.php 第 100 行.
NOTIC: [2] Illegal string offset 'offerState' D:\WampServer-3.0.6\wamp64\www\sassbike\Home\Runtime\Cache\989fc394f91c04ac6ecbc0d04a8d833c.php 第 100 行.
NOTIC: [8] Undefined index: b D:\WampServer-3.0.6\wamp64\www\sassbike\Home\Runtime\Cache\989fc394f91c04ac6ecbc0d04a8d833c.php 第 100 行.
NOTIC: [8] Use of undefined constant offerState - assumed 'offerState' D:\WampServer-3.0.6\wamp64\www\sassbike\Home\Runtime\Cache\989fc394f91c04ac6ecbc0d04a8d833c.php 第 100 行.
NOTIC: [2] Illegal string offset 'offerState' D:\WampServer-3.0.6\wamp64\www\sassbike\Home\Runtime\Cache\989fc394f91c04ac6ecbc0d04a8d833c.php 第 100 行.
NOTIC: [8] Undefined index: m D:\WampServer-3.0.6\wamp64\www\sassbike\Home\Runtime\Cache\989fc394f91c04ac6ecbc0d04a8d833c.php 第 100 行.
NOTIC: [8] Use of undefined constant offerState - assumed 'offerState' D:\WampServer-3.0.6\wamp64\www\sassbike\Home\Runtime\Cache\989fc394f91c04ac6ecbc0d04a8d833c.php 第 100 行.
NOTIC: [2] Illegal string offset 'offerState' D:\WampServer-3.0.6\wamp64\www\sassbike\Home\Runtime\Cache\989fc394f91c04ac6ecbc0d04a8d833c.php 第 100 行.
NOTIC: [8] Undefined offset: 5 D:\WampServer-3.0.6\wamp64\www\sassbike\Home\Runtime\Cache\989fc394f91c04ac6ecbc0d04a8d833c.php 第 100 行.
NOTIC: [8] Use of undefined constant offerState - assumed 'offerState' D:\WampServer-3.0.6\wamp64\www\sassbike\Home\Runtime\Cache\989fc394f91c04ac6ecbc0d04a8d833c.php 第 100 行.
NOTIC: [2] Illegal string offset 'offerState' D:\WampServer-3.0.6\wamp64\www\sassbike\Home\Runtime\Cache\989fc394f91c04ac6ecbc0d04a8d833c.php 第 100 行.
NOTIC: [8] Use of undefined constant offerState - assumed 'offerState' D:\WampServer-3.0.6\wamp64\www\sassbike\Home\Runtime\Cache\989fc394f91c04ac6ecbc0d04a8d833c.php 第 100 行.
NOTIC: [2] Illegal string offset 'offerState' D:\WampServer-3.0.6\wamp64\www\sassbike\Home\Runtime\Cache\989fc394f91c04ac6ecbc0d04a8d833c.php 第 100 行.
NOTIC: [8] Undefined index:  D:\WampServer-3.0.6\wamp64\www\sassbike\Home\Runtime\Cache\989fc394f91c04ac6ecbc0d04a8d833c.php 第 100 行.
NOTIC: [8] Use of undefined constant offerState - assumed 'offerState' D:\WampServer-3.0.6\wamp64\www\sassbike\Home\Runtime\Cache\989fc394f91c04ac6ecbc0d04a8d833c.php 第 100 行.
NOTIC: [2] Illegal string offset 'offerState' D:\WampServer-3.0.6\wamp64\www\sassbike\Home\Runtime\Cache\989fc394f91c04ac6ecbc0d04a8d833c.php 第 100 行.
NOTIC: [8] Use of undefined constant offerState - assumed 'offerState' D:\WampServer-3.0.6\wamp64\www\sassbike\Home\Runtime\Cache\989fc394f91c04ac6ecbc0d04a8d833c.php 第 100 行.
NOTIC: [2] Illegal string offset 'offerState' D:\WampServer-3.0.6\wamp64\www\sassbike\Home\Runtime\Cache\989fc394f91c04ac6ecbc0d04a8d833c.php 第 100 行.
NOTIC: [8] Use of undefined constant offerState - assumed 'offerState' D:\WampServer-3.0.6\wamp64\www\sassbike\Home\Runtime\Cache\989fc394f91c04ac6ecbc0d04a8d833c.php 第 100 行.
NOTIC: [2] Illegal string offset 'offerState' D:\WampServer-3.0.6\wamp64\www\sassbike\Home\Runtime\Cache\989fc394f91c04ac6ecbc0d04a8d833c.php 第 100 行.
NOTIC: [8] Undefined index: . D:\WampServer-3.0.6\wamp64\www\sassbike\Home\Runtime\Cache\989fc394f91c04ac6ecbc0d04a8d833c.php 第 100 行.
NOTIC: [8] Use of undefined constant offerState - assumed 'offerState' D:\WampServer-3.0.6\wamp64\www\sassbike\Home\Runtime\Cache\989fc394f91c04ac6ecbc0d04a8d833c.php 第 100 行.
NOTIC: [2] Illegal string offset 'offerState' D:\WampServer-3.0.6\wamp64\www\sassbike\Home\Runtime\Cache\989fc394f91c04ac6ecbc0d04a8d833c.php 第 100 行.
NOTIC: [8] Use of undefined constant offerState - assumed 'offerState' D:\WampServer-3.0.6\wamp64\www\sassbike\Home\Runtime\Cache\989fc394f91c04ac6ecbc0d04a8d833c.php 第 100 行.
NOTIC: [2] Illegal string offset 'offerState' D:\WampServer-3.0.6\wamp64\www\sassbike\Home\Runtime\Cache\989fc394f91c04ac6ecbc0d04a8d833c.php 第 100 行.
NOTIC: [8] Use of undefined constant offerState - assumed 'offerState' D:\WampServer-3.0.6\wamp64\www\sassbike\Home\Runtime\Cache\989fc394f91c04ac6ecbc0d04a8d833c.php 第 100 行.
NOTIC: [2] Illegal string offset 'offerState' D:\WampServer-3.0.6\wamp64\www\sassbike\Home\Runtime\Cache\989fc394f91c04ac6ecbc0d04a8d833c.php 第 100 行.
NOTIC: [8] Use of undefined constant offerState - assumed 'offerState' D:\WampServer-3.0.6\wamp64\www\sassbike\Home\Runtime\Cache\989fc394f91c04ac6ecbc0d04a8d833c.php 第 100 行.
NOTIC: [2] Illegal string offset 'offerState' D:\WampServer-3.0.6\wamp64\www\sassbike\Home\Runtime\Cache\989fc394f91c04ac6ecbc0d04a8d833c.php 第 100 行.
NOTIC: [8] Use of undefined constant offerState - assumed 'offerState' D:\WampServer-3.0.6\wamp64\www\sassbike\Home\Runtime\Cache\989fc394f91c04ac6ecbc0d04a8d833c.php 第 100 行.
NOTIC: [2] Illegal string offset 'offerState' D:\WampServer-3.0.6\wamp64\www\sassbike\Home\Runtime\Cache\989fc394f91c04ac6ecbc0d04a8d833c.php 第 100 行.
NOTIC: [8] Undefined index:  D:\WampServer-3.0.6\wamp64\www\sassbike\Home\Runtime\Cache\989fc394f91c04ac6ecbc0d04a8d833c.php 第 100 行.
NOTIC: [8] Use of undefined constant offerState - assumed 'offerState' D:\WampServer-3.0.6\wamp64\www\sassbike\Home\Runtime\Cache\989fc394f91c04ac6ecbc0d04a8d833c.php 第 100 行.
NOTIC: [2] Illegal string offset 'offerState' D:\WampServer-3.0.6\wamp64\www\sassbike\Home\Runtime\Cache\989fc394f91c04ac6ecbc0d04a8d833c.php 第 100 行.
NOTIC: [8] Undefined index:  D:\WampServer-3.0.6\wamp64\www\sassbike\Home\Runtime\Cache\989fc394f91c04ac6ecbc0d04a8d833c.php 第 100 行.
NOTIC: [8] Use of undefined constant offerState - assumed 'offerState' D:\WampServer-3.0.6\wamp64\www\sassbike\Home\Runtime\Cache\989fc394f91c04ac6ecbc0d04a8d833c.php 第 100 行.
NOTIC: [2] Illegal string offset 'offerState' D:\WampServer-3.0.6\wamp64\www\sassbike\Home\Runtime\Cache\989fc394f91c04ac6ecbc0d04a8d833c.php 第 100 行.
NOTIC: [8] Undefined index: b D:\WampServer-3.0.6\wamp64\www\sassbike\Home\Runtime\Cache\989fc394f91c04ac6ecbc0d04a8d833c.php 第 100 行.
NOTIC: [8] Use of undefined constant offerState - assumed 'offerState' D:\WampServer-3.0.6\wamp64\www\sassbike\Home\Runtime\Cache\989fc394f91c04ac6ecbc0d04a8d833c.php 第 100 行.
NOTIC: [2] Illegal string offset 'offerState' D:\WampServer-3.0.6\wamp64\www\sassbike\Home\Runtime\Cache\989fc394f91c04ac6ecbc0d04a8d833c.php 第 100 行.
NOTIC: [8] Undefined index: m D:\WampServer-3.0.6\wamp64\www\sassbike\Home\Runtime\Cache\989fc394f91c04ac6ecbc0d04a8d833c.php 第 100 行.
NOTIC: [8] Use of undefined constant offerState - assumed 'offerState' D:\WampServer-3.0.6\wamp64\www\sassbike\Home\Runtime\Cache\989fc394f91c04ac6ecbc0d04a8d833c.php 第 100 行.
NOTIC: [2] Illegal string offset 'offerState' D:\WampServer-3.0.6\wamp64\www\sassbike\Home\Runtime\Cache\989fc394f91c04ac6ecbc0d04a8d833c.php 第 100 行.
NOTIC: [8] Undefined offset: 5 D:\WampServer-3.0.6\wamp64\www\sassbike\Home\Runtime\Cache\989fc394f91c04ac6ecbc0d04a8d833c.php 第 100 行.
NOTIC: [8] Use of undefined constant offerState - assumed 'offerState' D:\WampServer-3.0.6\wamp64\www\sassbike\Home\Runtime\Cache\989fc394f91c04ac6ecbc0d04a8d833c.php 第 100 行.
NOTIC: [2] Illegal string offset 'offerState' D:\WampServer-3.0.6\wamp64\www\sassbike\Home\Runtime\Cache\989fc394f91c04ac6ecbc0d04a8d833c.php 第 100 行.
NOTIC: [8] Use of undefined constant offerState - assumed 'offerState' D:\WampServer-3.0.6\wamp64\www\sassbike\Home\Runtime\Cache\989fc394f91c04ac6ecbc0d04a8d833c.php 第 100 行.
NOTIC: [2] Illegal string offset 'offerState' D:\WampServer-3.0.6\wamp64\www\sassbike\Home\Runtime\Cache\989fc394f91c04ac6ecbc0d04a8d833c.php 第 100 行.
NOTIC: [8] Undefined index:  D:\WampServer-3.0.6\wamp64\www\sassbike\Home\Runtime\Cache\989fc394f91c04ac6ecbc0d04a8d833c.php 第 100 行.
NOTIC: [8] Use of undefined constant offerState - assumed 'offerState' D:\WampServer-3.0.6\wamp64\www\sassbike\Home\Runtime\Cache\989fc394f91c04ac6ecbc0d04a8d833c.php 第 100 行.
NOTIC: [2] Illegal string offset 'offerState' D:\WampServer-3.0.6\wamp64\www\sassbike\Home\Runtime\Cache\989fc394f91c04ac6ecbc0d04a8d833c.php 第 100 行.
NOTIC: [8] Use of undefined constant offerState - assumed 'offerState' D:\WampServer-3.0.6\wamp64\www\sassbike\Home\Runtime\Cache\989fc394f91c04ac6ecbc0d04a8d833c.php 第 100 行.
NOTIC: [2] Illegal string offset 'offerState' D:\WampServer-3.0.6\wamp64\www\sassbike\Home\Runtime\Cache\989fc394f91c04ac6ecbc0d04a8d833c.php 第 100 行.
NOTIC: [8] Use of undefined constant offerState - assumed 'offerState' D:\WampServer-3.0.6\wamp64\www\sassbike\Home\Runtime\Cache\989fc394f91c04ac6ecbc0d04a8d833c.php 第 100 行.
NOTIC: [2] Illegal string offset 'offerState' D:\WampServer-3.0.6\wamp64\www\sassbike\Home\Runtime\Cache\989fc394f91c04ac6ecbc0d04a8d833c.php 第 100 行.
NOTIC: [8] Undefined index: . D:\WampServer-3.0.6\wamp64\www\sassbike\Home\Runtime\Cache\989fc394f91c04ac6ecbc0d04a8d833c.php 第 100 行.
NOTIC: [8] Use of undefined constant offerState - assumed 'offerState' D:\WampServer-3.0.6\wamp64\www\sassbike\Home\Runtime\Cache\989fc394f91c04ac6ecbc0d04a8d833c.php 第 100 行.
NOTIC: [2] Illegal string offset 'offerState' D:\WampServer-3.0.6\wamp64\www\sassbike\Home\Runtime\Cache\989fc394f91c04ac6ecbc0d04a8d833c.php 第 100 行.
NOTIC: [8] Use of undefined constant offerState - assumed 'offerState' D:\WampServer-3.0.6\wamp64\www\sassbike\Home\Runtime\Cache\989fc394f91c04ac6ecbc0d04a8d833c.php 第 100 行.
NOTIC: [2] Illegal string offset 'offerState' D:\WampServer-3.0.6\wamp64\www\sassbike\Home\Runtime\Cache\989fc394f91c04ac6ecbc0d04a8d833c.php 第 100 行.
NOTIC: [8] Use of undefined constant offerState - assumed 'offerState' D:\WampServer-3.0.6\wamp64\www\sassbike\Home\Runtime\Cache\989fc394f91c04ac6ecbc0d04a8d833c.php 第 100 行.
NOTIC: [2] Illegal string offset 'offerState' D:\WampServer-3.0.6\wamp64\www\sassbike\Home\Runtime\Cache\989fc394f91c04ac6ecbc0d04a8d833c.php 第 100 行.
NOTIC: [8] Use of undefined constant offerState - assumed 'offerState' D:\WampServer-3.0.6\wamp64\www\sassbike\Home\Runtime\Cache\989fc394f91c04ac6ecbc0d04a8d833c.php 第 100 行.
NOTIC: [2] Illegal string offset 'offerState' D:\WampServer-3.0.6\wamp64\www\sassbike\Home\Runtime\Cache\989fc394f91c04ac6ecbc0d04a8d833c.php 第 100 行.
NOTIC: [8] Use of undefined constant offerState - assumed 'offerState' D:\WampServer-3.0.6\wamp64\www\sassbike\Home\Runtime\Cache\989fc394f91c04ac6ecbc0d04a8d833c.php 第 100 行.
NOTIC: [2] Illegal string offset 'offerState' D:\WampServer-3.0.6\wamp64\www\sassbike\Home\Runtime\Cache\989fc394f91c04ac6ecbc0d04a8d833c.php 第 100 行.
NOTIC: [8] Undefined index:  D:\WampServer-3.0.6\wamp64\www\sassbike\Home\Runtime\Cache\989fc394f91c04ac6ecbc0d04a8d833c.php 第 100 行.
NOTIC: [8] Use of undefined constant offerState - assumed 'offerState' D:\WampServer-3.0.6\wamp64\www\sassbike\Home\Runtime\Cache\989fc394f91c04ac6ecbc0d04a8d833c.php 第 100 行.
NOTIC: [2] Illegal string offset 'offerState' D:\WampServer-3.0.6\wamp64\www\sassbike\Home\Runtime\Cache\989fc394f91c04ac6ecbc0d04a8d833c.php 第 100 行.
NOTIC: [8] Undefined index:  D:\WampServer-3.0.6\wamp64\www\sassbike\Home\Runtime\Cache\989fc394f91c04ac6ecbc0d04a8d833c.php 第 100 行.
NOTIC: [8] Use of undefined constant offerState - assumed 'offerState' D:\WampServer-3.0.6\wamp64\www\sassbike\Home\Runtime\Cache\989fc394f91c04ac6ecbc0d04a8d833c.php 第 100 行.
NOTIC: [2] Illegal string offset 'offerState' D:\WampServer-3.0.6\wamp64\www\sassbike\Home\Runtime\Cache\989fc394f91c04ac6ecbc0d04a8d833c.php 第 100 行.
NOTIC: [8] Undefined index: b D:\WampServer-3.0.6\wamp64\www\sassbike\Home\Runtime\Cache\989fc394f91c04ac6ecbc0d04a8d833c.php 第 100 行.
NOTIC: [8] Use of undefined constant offerState - assumed 'offerState' D:\WampServer-3.0.6\wamp64\www\sassbike\Home\Runtime\Cache\989fc394f91c04ac6ecbc0d04a8d833c.php 第 100 行.
NOTIC: [2] Illegal string offset 'offerState' D:\WampServer-3.0.6\wamp64\www\sassbike\Home\Runtime\Cache\989fc394f91c04ac6ecbc0d04a8d833c.php 第 100 行.
NOTIC: [8] Undefined index: f D:\WampServer-3.0.6\wamp64\www\sassbike\Home\Runtime\Cache\989fc394f91c04ac6ecbc0d04a8d833c.php 第 100 行.
NOTIC: [8] Use of undefined constant offerState - assumed 'offerState' D:\WampServer-3.0.6\wamp64\www\sassbike\Home\Runtime\Cache\989fc394f91c04ac6ecbc0d04a8d833c.php 第 100 行.
NOTIC: [2] Illegal string offset 'offerState' D:\WampServer-3.0.6\wamp64\www\sassbike\Home\Runtime\Cache\989fc394f91c04ac6ecbc0d04a8d833c.php 第 100 行.
NOTIC: [8] Use of undefined constant offerState - assumed 'offerState' D:\WampServer-3.0.6\wamp64\www\sassbike\Home\Runtime\Cache\989fc394f91c04ac6ecbc0d04a8d833c.php 第 100 行.
NOTIC: [2] Illegal string offset 'offerState' D:\WampServer-3.0.6\wamp64\www\sassbike\Home\Runtime\Cache\989fc394f91c04ac6ecbc0d04a8d833c.php 第 100 行.
NOTIC: [8] Use of undefined constant offerState - assumed 'offerState' D:\WampServer-3.0.6\wamp64\www\sassbike\Home\Runtime\Cache\989fc394f91c04ac6ecbc0d04a8d833c.php 第 100 行.
NOTIC: [2] Illegal string offset 'offerState' D:\WampServer-3.0.6\wamp64\www\sassbike\Home\Runtime\Cache\989fc394f91c04ac6ecbc0d04a8d833c.php 第 100 行.
NOTIC: [8] Undefined index:  D:\WampServer-3.0.6\wamp64\www\sassbike\Home\Runtime\Cache\989fc394f91c04ac6ecbc0d04a8d833c.php 第 100 行.
NOTIC: [8] Use of undefined constant offerState - assumed 'offerState' D:\WampServer-3.0.6\wamp64\www\sassbike\Home\Runtime\Cache\989fc394f91c04ac6ecbc0d04a8d833c.php 第 100 行.
NOTIC: [2] Illegal string offset 'offerState' D:\WampServer-3.0.6\wamp64\www\sassbike\Home\Runtime\Cache\989fc394f91c04ac6ecbc0d04a8d833c.php 第 100 行.
NOTIC: [8] Use of undefined constant offerState - assumed 'offerState' D:\WampServer-3.0.6\wamp64\www\sassbike\Home\Runtime\Cache\989fc394f91c04ac6ecbc0d04a8d833c.php 第 100 行.
NOTIC: [2] Illegal string offset 'offerState' D:\WampServer-3.0.6\wamp64\www\sassbike\Home\Runtime\Cache\989fc394f91c04ac6ecbc0d04a8d833c.php 第 100 行.
NOTIC: [8] Use of undefined constant offerState - assumed 'offerState' D:\WampServer-3.0.6\wamp64\www\sassbike\Home\Runtime\Cache\989fc394f91c04ac6ecbc0d04a8d833c.php 第 100 行.
NOTIC: [2] Illegal string offset 'offerState' D:\WampServer-3.0.6\wamp64\www\sassbike\Home\Runtime\Cache\989fc394f91c04ac6ecbc0d04a8d833c.php 第 100 行.
NOTIC: [8] Undefined index: . D:\WampServer-3.0.6\wamp64\www\sassbike\Home\Runtime\Cache\989fc394f91c04ac6ecbc0d04a8d833c.php 第 100 行.
NOTIC: [8] Use of undefined constant offerState - assumed 'offerState' D:\WampServer-3.0.6\wamp64\www\sassbike\Home\Runtime\Cache\989fc394f91c04ac6ecbc0d04a8d833c.php 第 100 行.
NOTIC: [2] Illegal string offset 'offerState' D:\WampServer-3.0.6\wamp64\www\sassbike\Home\Runtime\Cache\989fc394f91c04ac6ecbc0d04a8d833c.php 第 100 行.
NOTIC: [8] Use of undefined constant offerState - assumed 'offerState' D:\WampServer-3.0.6\wamp64\www\sassbike\Home\Runtime\Cache\989fc394f91c04ac6ecbc0d04a8d833c.php 第 100 行.
NOTIC: [2] Illegal string offset 'offerState' D:\WampServer-3.0.6\wamp64\www\sassbike\Home\Runtime\Cache\989fc394f91c04ac6ecbc0d04a8d833c.php 第 100 行.
INFO: Run ParseTemplate Behavior [ RunTime:0.164812s ]
INFO: [ view_parse ] --END-- [ RunTime:0.165382s ]
INFO: [ view_filter ] --START--
INFO: Run ContentReplace Behavior [ RunTime:0.005858s ]
INFO: Run TokenBuild Behavior [ RunTime:0.003550s ]
INFO: Run WriteHtmlCache Behavior [ RunTime:0.001996s ]
INFO: Run ShowRuntime Behavior [ RunTime:0.005134s ]
INFO: [ view_filter ] --END-- [ RunTime:0.018399s ]
INFO: [ view_end ] --START--
INFO: Run ShowPageTrace Behavior [ RunTime:0.004282s ]
INFO: [ view_end ] --END-- [ RunTime:0.004999s ]

